#
# A fatal error has been detected by the Java Runtime Environment:
#
#  EXCEPTION_ACCESS_VIOLATION (0xc0000005) at pc=0x00007ffbb112c8f8, pid=11920, tid=11820
#
# JRE version: OpenJDK Runtime Environment Temurin-17.0.7+7 (17.0.7+7) (build 17.0.7+7)
# Java VM: OpenJDK 64-Bit Server VM Temurin-17.0.7+7 (17.0.7+7, mixed mode, tiered, compressed oops, compressed class ptrs, parallel gc, windows-amd64)
# Problematic frame:
# V  [jvm.dll+0xc8f8]
#
# No core dump will be written. Minidumps are not enabled by default on client versions of Windows
#
# If you would like to submit a bug report, please visit:
#   https://github.com/adoptium/adoptium-support/issues
#

---------------  S U M M A R Y ------------

Command Line: --add-modules=ALL-SYSTEM --add-opens=java.base/java.util=ALL-UNNAMED --add-opens=java.base/java.lang=ALL-UNNAMED --add-opens=java.base/sun.nio.fs=ALL-UNNAMED -Declipse.application=org.eclipse.jdt.ls.core.id1 -Dosgi.bundles.defaultStartLevel=4 -Declipse.product=org.eclipse.jdt.ls.core.product -Djava.import.generatesMetadataFilesAtProjectRoot=false -Dfile.encoding=utf8 -XX:+UseParallelGC -XX:GCTimeRatio=4 -XX:AdaptiveSizePolicyWeight=90 -Dsun.zip.disableMemoryMapping=true -Xmx1G -Xms100m -Xlog:disable -javaagent:c:\Users\hamed\.vscode\extensions\redhat.java-1.21.0-win32-x64\lombok\lombok-1.18.28.jar -XX:+HeapDumpOnOutOfMemoryError -XX:HeapDumpPath=c:\Users\hamed\AppData\Roaming\Code\User\workspaceStorage\82c2a56adc5184e14120199090c256f6\redhat.java -Daether.dependencyCollector.impl=bf c:\Users\hamed\.vscode\extensions\redhat.java-1.21.0-win32-x64\server\plugins\org.eclipse.equinox.launcher_1.6.500.v20230717-2134.jar -configuration c:\Users\hamed\AppData\Roaming\Code\User\globalStorage\redhat.java\1.21.0\config_win -data c:\Users\hamed\AppData\Roaming\Code\User\workspaceStorage\82c2a56adc5184e14120199090c256f6\redhat.java\jdt_ws

Host: AMD Ryzen 5 1600 Six-Core Processor            , 12 cores, 15G,  Windows 10 , 64 bit Build 19041 (10.0.19041.3155)
Time: Wed Aug  9 22:44:30 2023 Iran Standard Time elapsed time: 3309.864622 seconds (0d 0h 55m 9s)

---------------  T H R E A D  ---------------

Current thread (0x0000026b6da30780):  GCTaskThread "GC Thread#2" [stack: 0x000000fa7a000000,0x000000fa7a100000] [id=11820]

Stack: [0x000000fa7a000000,0x000000fa7a100000],  sp=0x000000fa7a0ff5c8,  free space=1021k
Native frames: (J=compiled Java code, j=interpreted, Vv=VM code, C=native code)
V  [jvm.dll+0xc8f8]


siginfo: EXCEPTION_ACCESS_VIOLATION (0xc0000005), reading address 0x0000000000000008


Register to memory mapping:

RIP=0x00007ffbb112c8f8 jvm.dll
RAX=0x0000000000000001 is an unknown value
RBX=0x0 is NULL
RCX=0x0000000000000003 is an unknown value
RDX=0x00000000ebf9fd90 points into unknown readable memory: 0x0000000000000000 | 00 00 00 00 00 00 00 00
RSP=0x000000fa7a0ff5c8 points into unknown readable memory: 0x00007ffbb17d42e6 | e6 42 7d b1 fb 7f 00 00
RBP=0x000000fa7a0ff648 points into unknown readable memory: 0x000000000000000c | 0c 00 00 00 00 00 00 00
RSI=0x00000000d237a620 is pointing into object: java.util.HashMap$Node 
{0x00000000d237a610} - klass: 'java/util/HashMap$Node'
 - ---- fields (total size 4 words):
 - final 'hash' 'I' @12  1790734684 (6abc715c)
 - final 'key' 'Ljava/lang/Object;' @16  
[error occurred during error reporting (printing register info), id 0xc0000005, EXCEPTION_ACCESS_VIOLATION (0xc0000005) at pc=0x00007ffbb1783b93]

Registers:
RAX=0x0000000000000001, RBX=0x0000000000000000, RCX=0x0000000000000003, RDX=0x00000000ebf9fd90
RSP=0x000000fa7a0ff5c8, RBP=0x000000fa7a0ff648, RSI=0x00000000d237a620, RDI=0x0000026b66dc8a80
R8 =0x0000000000000000, R9 =0x00007ffbb1c34710, R10=0x0000000000000000, R11=0x0000026b66dc8a80
R12=0x0000000000000000, R13=0x0000000000000010, R14=0x00000000ebf9fd90, R15=0x0000026b66dc8a80
RIP=0x00007ffbb112c8f8, EFLAGS=0x0000000000010246

Top of Stack: (sp=0x000000fa7a0ff5c8)
0x000000fa7a0ff5c8:   00007ffbb17d42e6 0000000000000001
0x000000fa7a0ff5d8:   0000000000000004 000000fa7a0ff698
0x000000fa7a0ff5e8:   00007ffbb17a2503 00007ffbb1acf770
0x000000fa7a0ff5f8:   0000026b52f6a8a0 00000000d2379d28
0x000000fa7a0ff608:   0000000000000400 00000000eb736a90
0x000000fa7a0ff618:   00007ffbb17d47f0 0000000000000001
0x000000fa7a0ff628:   0000000000000003 00000000d2379d28
0x000000fa7a0ff638:   0000000000000400 0000000000000010
0x000000fa7a0ff648:   000000000000000c 000000000000718c
0x000000fa7a0ff658:   0000000000000000 00000000d237a620
0x000000fa7a0ff668:   0000000000000000 000000000000715a
0x000000fa7a0ff678:   00007ffbb17d51e0 0000026b66dc8a80
0x000000fa7a0ff688:   0000000000000400 0000000000000000
0x000000fa7a0ff698:   000000fa790ff278 002ede870001d70e
0x000000fa7a0ff6a8:   0000000000000005 00000000c0000000
0x000000fa7a0ff6b8:   000000fa790ff278 0000000000000008 

Instructions: (pc=0x00007ffbb112c8f8)
0x00007ffbb112c7f8:   48 83 c4 20 5e c3 cc cc 48 8b 01 c3 cc cc cc cc
0x00007ffbb112c808:   cc cc cc cc cc cc cc cc 4c 8b 01 4c 8b c9 48 8b
0x00007ffbb112c818:   0d f3 e4 b4 00 ba 44 60 08 00 e9 59 f2 ff ff cc
0x00007ffbb112c828:   cc cc cc cc cc cc cc cc 48 89 5c 24 08 57 48 83
0x00007ffbb112c838:   ec 20 48 8b 39 48 8b d9 48 85 3d 71 c6 b9 00 75
0x00007ffbb112c848:   0e 48 8b c7 48 8b 5c 24 30 48 83 c4 20 5f c3 48
0x00007ffbb112c858:   8b cf e8 81 87 85 00 48 8b d0 48 85 c0 74 20 48
0x00007ffbb112c868:   8b c7 f0 48 0f b1 13 74 16 48 85 05 40 c6 b9 00
0x00007ffbb112c878:   74 0d 48 8b c8 f0 48 0f b1 13 48 3b c1 75 ea 48
0x00007ffbb112c888:   8b 5c 24 30 48 8b c2 48 83 c4 20 5f c3 cc cc cc
0x00007ffbb112c898:   cc cc cc cc cc cc cc cc 4c 8b 01 4c 8b c9 48 8b
0x00007ffbb112c8a8:   0d 63 e4 b4 00 ba 64 60 08 00 e9 c9 f1 ff ff cc
0x00007ffbb112c8b8:   cc cc cc cc cc cc cc cc 8b 05 32 2a af 00 c3 cc
0x00007ffbb112c8c8:   cc cc cc cc cc cc cc cc 0f b6 05 b8 ec b5 00 48
0x00007ffbb112c8d8:   8b d1 84 c0 74 16 44 8b 41 08 8b 0d 10 2a af 00
0x00007ffbb112c8e8:   49 d3 e0 4c 03 05 fe 29 af 00 eb 04 4c 8b 41 08
0x00007ffbb112c8f8:   45 8b 50 08 45 85 d2 7e 0e 41 f6 c2 01 75 53 41
0x00007ffbb112c908:   c1 fa 03 41 8b c2 c3 79 49 84 c0 b9 10 00 00 00
0x00007ffbb112c918:   8b 05 16 39 af 00 41 b8 0c 00 00 00 41 0f 45 c8
0x00007ffbb112c928:   ff c8 4c 63 c8 48 63 14 11 41 8b ca 83 e1 3f 48
0x00007ffbb112c938:   d3 e2 41 8b ca 48 c1 f9 10 0f b6 c1 49 8d 0c 11
0x00007ffbb112c948:   49 f7 d1 48 03 c1 49 c1 e9 03 48 c1 e8 03 41 23
0x00007ffbb112c958:   c1 c3 49 8b 00 49 8b c8 48 ff a0 00 01 00 00 cc
0x00007ffbb112c968:   cc cc cc cc cc cc cc cc 8b 44 24 30 45 03 c9 44
0x00007ffbb112c978:   2b 4c 24 28 83 c0 0b 44 03 ca 45 03 c8 41 03 c1
0x00007ffbb112c988:   c3 cc cc cc cc cc cc cc 4c 8b ca 48 8b d1 45 8b
0x00007ffbb112c998:   41 08 45 85 c0 7e 0e 41 f6 c0 01 75 56 41 c1 f8
0x00007ffbb112c9a8:   03 41 8b c0 c3 79 4c 80 3d d9 eb b5 00 00 b8 0c
0x00007ffbb112c9b8:   00 00 00 b9 10 00 00 00 0f 45 c8 8b 05 6b 38 af
0x00007ffbb112c9c8:   00 ff c8 4c 63 c8 48 63 14 11 41 8b c8 83 e1 3f
0x00007ffbb112c9d8:   48 d3 e2 41 8b c8 48 c1 f9 10 0f b6 c1 49 8d 0c
0x00007ffbb112c9e8:   11 49 f7 d1 48 03 c1 49 c1 e9 03 48 c1 e8 03 41 


Stack slot to memory mapping:
stack at sp + 0 slots: 0x00007ffbb17d42e6 jvm.dll
stack at sp + 1 slots: 0x0000000000000001 is an unknown value
stack at sp + 2 slots: 0x0000000000000004 is an unknown value
stack at sp + 3 slots: 0x000000fa7a0ff698 points into unknown readable memory: 0x000000fa790ff278 | 78 f2 0f 79 fa 00 00 00
stack at sp + 4 slots: 0x00007ffbb17a2503 jvm.dll
stack at sp + 5 slots: 0x00007ffbb1acf770 jvm.dll
stack at sp + 6 slots: 0x0000026b52f6a8a0 points into unknown readable memory: 0x00007ffbb1ad12e0 | e0 12 ad b1 fb 7f 00 00
stack at sp + 7 slots: 0x00000000d2379d28 is an oop: java.util.HashMap$Node 
{0x00000000d2379d28} - klass: 'java/util/HashMap$Node'
 - ---- fields (total size 4 words):
 - final 'hash' 'I' @12  1198715373 (4772f1ed)
 - final 'key' 'Ljava/lang/Object;' @16  a 'org/eclipse/jdt/core/dom/SimpleName'{0x00000000d2192800} (d2192800)
 - 'value' 'Ljava/lang/Object;' @20  a 'org/eclipse/jdt/internal/compiler/ast/MessageSend'{0x00000000d1cdc3a8} (d1cdc3a8)
 - 'next' 'Ljava/util/HashMap$Node;' @24  NULL (0)


---------------  P R O C E S S  ---------------

Threads class SMR info:
_java_thread_list=0x0000026b041f8c20, length=43, elements={
0x0000026b52f5eee0, 0x0000026b66de0730, 0x0000026b66de2ee0, 0x0000026b6c18a9e0,
0x0000026b6c18be20, 0x0000026b6c194be0, 0x0000026b6c19c1b0, 0x0000026b6c19de60,
0x0000026b6c19f430, 0x0000026b6c1a0920, 0x0000026b6c28cd90, 0x0000026b6c4d6030,
0x0000026b6df612c0, 0x0000026b6df63460, 0x0000026b6e0daeb0, 0x0000026b6e0d8760,
0x0000026b6e1e4ab0, 0x0000026b6d715a00, 0x0000026b6d713850, 0x0000026b6d714b90,
0x0000026b6d713d20, 0x0000026b6d7141f0, 0x0000026b6ff87bd0, 0x0000026b7c5a3650,
0x0000026b042019e0, 0x0000026b04201510, 0x0000026b042006a0, 0x0000026b73639770,
0x0000026b73638900, 0x0000026b6fc17f20, 0x0000026b72571710, 0x0000026b6fc183f0,
0x0000026b73636750, 0x0000026b05e53020, 0x0000026b6e5518a0, 0x0000026b7c5a5cd0,
0x0000026b7c2d59b0, 0x0000026b6fbb7880, 0x0000026b7c2d24c0, 0x0000026b7c2d1ff0,
0x0000026b7c5a5330, 0x0000026b6da4b490, 0x0000026b6da4c8d0
}

Java Threads: ( => current thread )
  0x0000026b52f5eee0 JavaThread "main" [_thread_blocked, id=10020, stack(0x000000fa78e00000,0x000000fa78f00000)]
  0x0000026b66de0730 JavaThread "Reference Handler" daemon [_thread_blocked, id=1584, stack(0x000000fa79100000,0x000000fa79200000)]
  0x0000026b66de2ee0 JavaThread "Finalizer" daemon [_thread_blocked, id=3056, stack(0x000000fa79200000,0x000000fa79300000)]
  0x0000026b6c18a9e0 JavaThread "Signal Dispatcher" daemon [_thread_blocked, id=12320, stack(0x000000fa79300000,0x000000fa79400000)]
  0x0000026b6c18be20 JavaThread "Attach Listener" daemon [_thread_blocked, id=8260, stack(0x000000fa79400000,0x000000fa79500000)]
  0x0000026b6c194be0 JavaThread "Service Thread" daemon [_thread_blocked, id=9816, stack(0x000000fa79500000,0x000000fa79600000)]
  0x0000026b6c19c1b0 JavaThread "Monitor Deflation Thread" daemon [_thread_blocked, id=9188, stack(0x000000fa79600000,0x000000fa79700000)]
  0x0000026b6c19de60 JavaThread "C2 CompilerThread0" daemon [_thread_blocked, id=8156, stack(0x000000fa79700000,0x000000fa79800000)]
  0x0000026b6c19f430 JavaThread "C1 CompilerThread0" daemon [_thread_blocked, id=10980, stack(0x000000fa79800000,0x000000fa79900000)]
  0x0000026b6c1a0920 JavaThread "Sweeper thread" daemon [_thread_blocked, id=4852, stack(0x000000fa79900000,0x000000fa79a00000)]
  0x0000026b6c28cd90 JavaThread "Common-Cleaner" daemon [_thread_blocked, id=1412, stack(0x000000fa79a00000,0x000000fa79b00000)]
  0x0000026b6c4d6030 JavaThread "Notification Thread" daemon [_thread_blocked, id=10108, stack(0x000000fa79b00000,0x000000fa79c00000)]
  0x0000026b6df612c0 JavaThread "Active Thread: Equinox Container: dabfad8a-706e-409d-a563-81770b438600" [_thread_blocked, id=12372, stack(0x000000fa7a500000,0x000000fa7a600000)]
  0x0000026b6df63460 JavaThread "Framework Event Dispatcher: Equinox Container: dabfad8a-706e-409d-a563-81770b438600" daemon [_thread_blocked, id=1808, stack(0x000000fa79d00000,0x000000fa79e00000)]
  0x0000026b6e0daeb0 JavaThread "Start Level: Equinox Container: dabfad8a-706e-409d-a563-81770b438600" daemon [_thread_blocked, id=6436, stack(0x000000fa79e00000,0x000000fa79f00000)]
  0x0000026b6e0d8760 JavaThread "SCR Component Actor" daemon [_thread_blocked, id=5028, stack(0x000000fa7a600000,0x000000fa7a700000)]
  0x0000026b6e1e4ab0 JavaThread "Worker-JM" [_thread_blocked, id=10248, stack(0x000000fa7a900000,0x000000fa7aa00000)]
  0x0000026b6d715a00 JavaThread "Java indexing" daemon [_thread_blocked, id=10836, stack(0x000000fa7b000000,0x000000fa7b100000)]
  0x0000026b6d713850 JavaThread "JNA Cleaner" daemon [_thread_blocked, id=9420, stack(0x000000fa7b100000,0x000000fa7b200000)]
  0x0000026b6d714b90 JavaThread "pool-2-thread-1" [_thread_blocked, id=5816, stack(0x000000fa7b400000,0x000000fa7b500000)]
  0x0000026b6d713d20 JavaThread "WorkspaceEventsHandler" [_thread_blocked, id=12260, stack(0x000000fa7b500000,0x000000fa7b600000)]
  0x0000026b6d7141f0 JavaThread "pool-1-thread-1" [_thread_blocked, id=480, stack(0x000000fa7b600000,0x000000fa7b700000)]
  0x0000026b6ff87bd0 JavaThread "Bundle File Closer" daemon [_thread_blocked, id=6940, stack(0x000000fa7bb00000,0x000000fa7bc00000)]
  0x0000026b7c5a3650 JavaThread "ForkJoinPool.commonPool-worker-12" daemon [_thread_blocked, id=336, stack(0x000000fa78b00000,0x000000fa78c00000)]
  0x0000026b042019e0 JavaThread "ForkJoinPool.commonPool-worker-14" daemon [_thread_blocked, id=5784, stack(0x000000fa7ad00000,0x000000fa7ae00000)]
  0x0000026b04201510 JavaThread "ForkJoinPool.commonPool-worker-17" daemon [_thread_blocked, id=2616, stack(0x000000fa7b300000,0x000000fa7b400000)]
  0x0000026b042006a0 JavaThread "ForkJoinPool.commonPool-worker-22" daemon [_thread_blocked, id=3468, stack(0x000000fa7bc00000,0x000000fa7bd00000)]
  0x0000026b73639770 JavaThread "Worker-7" [_thread_blocked, id=9300, stack(0x000000fa78c00000,0x000000fa78d00000)]
  0x0000026b73638900 JavaThread "Worker-8" [_thread_blocked, id=7016, stack(0x000000fa7a800000,0x000000fa7a900000)]
  0x0000026b6fc17f20 JavaThread "ForkJoinPool.commonPool-worker-23" daemon [_thread_blocked, id=2856, stack(0x000000fa78d00000,0x000000fa78e00000)]
  0x0000026b72571710 JavaThread "ForkJoinPool.commonPool-worker-24" daemon [_thread_blocked, id=5360, stack(0x000000fa7ac00000,0x000000fa7ad00000)]
  0x0000026b6fc183f0 JavaThread "ForkJoinPool.commonPool-worker-25" daemon [_thread_blocked, id=11020, stack(0x000000fa7ae00000,0x000000fa7af00000)]
  0x0000026b73636750 JavaThread "ForkJoinPool.commonPool-worker-26" daemon [_thread_blocked, id=3200, stack(0x000000fa7af00000,0x000000fa7b000000)]
  0x0000026b05e53020 JavaThread "ForkJoinPool.commonPool-worker-28" daemon [_thread_blocked, id=9572, stack(0x000000fa7b200000,0x000000fa7b300000)]
  0x0000026b6e5518a0 JavaThread "ForkJoinPool.commonPool-worker-27" daemon [_thread_blocked, id=10460, stack(0x000000fa7b700000,0x000000fa7b800000)]
  0x0000026b7c5a5cd0 JavaThread "ForkJoinPool.commonPool-worker-29" daemon [_thread_blocked, id=9672, stack(0x000000fa7b800000,0x000000fa7b900000)]
  0x0000026b7c2d59b0 JavaThread "Worker-11: Download sources and javadoc" [_thread_in_native, id=5872, stack(0x000000fa7ba00000,0x000000fa7bb00000)]
  0x0000026b6fbb7880 JavaThread "Worker-12" [_thread_blocked, id=6996, stack(0x000000fa7bd00000,0x000000fa7be00000)]
  0x0000026b7c2d24c0 JavaThread "OkHttp ConnectionPool" daemon [_thread_blocked, id=11372, stack(0x000000fa7c100000,0x000000fa7c200000)]
  0x0000026b7c2d1ff0 JavaThread "Okio Watchdog" daemon [_thread_blocked, id=12824, stack(0x000000fa7c200000,0x000000fa7c300000)]
  0x0000026b7c5a5330 JavaThread "OkHttp ConnectionPool" daemon [_thread_blocked, id=8844, stack(0x000000fa7bf00000,0x000000fa7c000000)]
  0x0000026b6da4b490 JavaThread "C2 CompilerThread1" daemon [_thread_blocked, id=12072, stack(0x000000fa7b900000,0x000000fa7ba00000)]
  0x0000026b6da4c8d0 JavaThread "C2 CompilerThread2" daemon [_thread_blocked, id=5452, stack(0x000000fa7be00000,0x000000fa7bf00000)]

Other Threads:
  0x0000026b66cb4e30 VMThread "VM Thread" [stack: 0x000000fa79000000,0x000000fa79100000] [id=7780]
  0x0000026b6c4d6500 WatcherThread [stack: 0x000000fa79c00000,0x000000fa79d00000] [id=8768]
  0x0000026b52f75af0 GCTaskThread "GC Thread#0" [stack: 0x000000fa78f00000,0x000000fa79000000] [id=2688]
  0x0000026b6da2d640 GCTaskThread "GC Thread#1" [stack: 0x000000fa79f00000,0x000000fa7a000000] [id=12176]
=>0x0000026b6da30780 GCTaskThread "GC Thread#2" [stack: 0x000000fa7a000000,0x000000fa7a100000] [id=11820]
  0x0000026b6d718010 GCTaskThread "GC Thread#3" [stack: 0x000000fa7a100000,0x000000fa7a200000] [id=11280]
  0x0000026b6dd80a20 GCTaskThread "GC Thread#4" [stack: 0x000000fa7a200000,0x000000fa7a300000] [id=4396]
  0x0000026b6dd80cd0 GCTaskThread "GC Thread#5" [stack: 0x000000fa7a300000,0x000000fa7a400000] [id=7308]
  0x0000026b6dd80f80 GCTaskThread "GC Thread#6" [stack: 0x000000fa7a400000,0x000000fa7a500000] [id=8624]
  0x0000026b6ddc62c0 GCTaskThread "GC Thread#7" [stack: 0x000000fa7a700000,0x000000fa7a800000] [id=8012]
  0x0000026b6e2e76d0 GCTaskThread "GC Thread#8" [stack: 0x000000fa7aa00000,0x000000fa7ab00000] [id=7300]
  0x0000026b6e2e7170 GCTaskThread "GC Thread#9" [stack: 0x000000fa7ab00000,0x000000fa7ac00000] [id=6304]

Threads with active compile tasks:

VM state: at safepoint (normal execution)

VM Mutex/Monitor currently owned by a thread:  ([mutex/lock_event])
[0x0000026b52f5b870] Threads_lock - owner thread: 0x0000026b66cb4e30
[0x0000026b52f5c4d0] Heap_lock - owner thread: 0x0000026b04201510

Heap address: 0x00000000c0000000, size: 1024 MB, Compressed Oops mode: 32-bit

CDS archive(s) not mapped
Compressed class space mapped at: 0x0000000100000000-0x0000000140000000, reserved size: 1073741824
Narrow klass base: 0x0000000000000000, Narrow klass shift: 3, Narrow klass range: 0x140000000

GC Precious Log:
 CPUs: 12 total, 12 available
 Memory: 16334M
 Large Page Support: Disabled
 NUMA Support: Disabled
 Compressed Oops: Enabled (32-bit)
 Alignments: Space 512K, Generation 512K, Heap 2M
 Heap Min Capacity: 100M
 Heap Initial Capacity: 100M
 Heap Max Capacity: 1G
 Pre-touch: Disabled
 Parallel Workers: 10

Heap:
 PSYoungGen      total 14848K, used 14645K [0x00000000eab00000, 0x00000000ec280000, 0x0000000100000000)
  eden space 9216K, 100% used [0x00000000eab00000,0x00000000eb400000,0x00000000eb400000)
  from space 5632K, 96% used [0x00000000ebd00000,0x00000000ec24d470,0x00000000ec280000)
  to   space 6656K, 34% used [0x00000000eb580000,0x00000000eb7bea90,0x00000000ebc00000)
 ParOldGen       total 380928K, used 298903K [0x00000000c0000000, 0x00000000d7400000, 0x00000000eab00000)
  object space 380928K, 78% used [0x00000000c0000000,0x00000000d23e5d28,0x00000000d7400000)
 Metaspace       used 101310K, committed 102784K, reserved 1179648K
  class space    used 10104K, committed 10688K, reserved 1048576K

Card table byte_map: [0x0000026b52940000,0x0000026b52b50000] _byte_map_base: 0x0000026b52340000

Marking Bits: (ParMarkBitMap*) 0x00007ffbb1ca52c0
 Begin Bits: [0x0000026b64bf0000, 0x0000026b65bf0000)
 End Bits:   [0x0000026b65bf0000, 0x0000026b66bf0000)

Polling page: 0x0000026b52730000

Metaspace:

Usage:
  Non-class:     89.07 MB used.
      Class:      9.87 MB used.
       Both:     98.94 MB used.

Virtual space:
  Non-class space:      128.00 MB reserved,      89.94 MB ( 70%) committed,  2 nodes.
      Class space:        1.00 GB reserved,      10.44 MB (  1%) committed,  1 nodes.
             Both:        1.12 GB reserved,     100.38 MB (  9%) committed. 

Chunk freelists:
   Non-Class:  5.10 MB
       Class:  5.60 MB
        Both:  10.70 MB

MaxMetaspaceSize: unlimited
CompressedClassSpaceSize: 1.00 GB
Initial GC threshold: 21.00 MB
Current GC threshold: 167.19 MB
CDS: off
MetaspaceReclaimPolicy: balanced
 - commit_granule_bytes: 65536.
 - commit_granule_words: 8192.
 - virtual_space_node_default_size: 8388608.
 - enlarge_chunks_in_place: 1.
 - new_chunks_are_fully_committed: 0.
 - uncommit_free_chunks: 1.
 - use_allocation_guard: 0.
 - handle_deallocations: 1.


Internal statistics:

num_allocs_failed_limit: 13.
num_arena_births: 1586.
num_arena_deaths: 504.
num_vsnodes_births: 3.
num_vsnodes_deaths: 0.
num_space_committed: 1605.
num_space_uncommitted: 0.
num_chunks_returned_to_freelist: 644.
num_chunks_taken_from_freelist: 6120.
num_chunk_merges: 246.
num_chunk_splits: 3545.
num_chunks_enlarged: 1908.
num_inconsistent_stats: 0.

CodeHeap 'non-profiled nmethods': size=120000Kb used=25519Kb max_used=25898Kb free=94480Kb
 bounds [0x0000026b5d6c0000, 0x0000026b5f010000, 0x0000026b64bf0000]
CodeHeap 'profiled nmethods': size=120000Kb used=40207Kb max_used=42452Kb free=79792Kb
 bounds [0x0000026b55bf0000, 0x0000026b58580000, 0x0000026b5d120000]
CodeHeap 'non-nmethods': size=5760Kb used=1470Kb max_used=1565Kb free=4289Kb
 bounds [0x0000026b5d120000, 0x0000026b5d390000, 0x0000026b5d6c0000]
 total_blobs=21622 nmethods=20793 adapters=739
 compilation: enabled
              stopped_count=0, restarted_count=0
 full_count=0

Compilation events (20 events):
Event: 3308.674 Thread 0x0000026b6da4c8d0 31591       4       org.eclipse.jdt.internal.formatter.DefaultCodeFormatterOptions$$Lambda$584/0x00000001007ee6d0::accept (12 bytes)
Event: 3308.675 Thread 0x0000026b6c19de60 nmethod 31590 0x0000026b5e712410 code [0x0000026b5e712580, 0x0000026b5e712618]
Event: 3308.675 Thread 0x0000026b6c19de60 31592       4       org.eclipse.jdt.internal.formatter.DefaultCodeFormatterOptions$$Lambda$585/0x00000001007ee900::<init> (10 bytes)
Event: 3308.675 Thread 0x0000026b6da4b490 nmethod 31589 0x0000026b5e712090 code [0x0000026b5e712220, 0x0000026b5e7122f8]
Event: 3308.675 Thread 0x0000026b6da4b490 31593       4       org.eclipse.jdt.internal.formatter.DefaultCodeFormatterOptions$$Lambda$585/0x00000001007ee900::accept (12 bytes)
Event: 3308.675 Thread 0x0000026b6c19de60 nmethod 31592 0x0000026b5e711d90 code [0x0000026b5e711f00, 0x0000026b5e711f98]
Event: 3308.675 Thread 0x0000026b6c19de60 31594       4       org.eclipse.jdt.internal.formatter.DefaultCodeFormatterOptions$$Lambda$586/0x00000001007eeb30::<init> (10 bytes)
Event: 3308.675 Thread 0x0000026b6da4c8d0 nmethod 31591 0x0000026b5e711a10 code [0x0000026b5e711ba0, 0x0000026b5e711c78]
Event: 3308.675 Thread 0x0000026b6da4c8d0 31595       4       org.eclipse.jdt.internal.formatter.DefaultCodeFormatterOptions$$Lambda$586/0x00000001007eeb30::accept (12 bytes)
Event: 3308.675 Thread 0x0000026b6c19de60 nmethod 31594 0x0000026b5e711590 code [0x0000026b5e711700, 0x0000026b5e711798]
Event: 3308.675 Thread 0x0000026b6da4b490 nmethod 31593 0x0000026b5ecdc690 code [0x0000026b5ecdc820, 0x0000026b5ecdc8f8]
Event: 3308.676 Thread 0x0000026b6da4c8d0 nmethod 31595 0x0000026b5ecdc310 code [0x0000026b5ecdc4a0, 0x0000026b5ecdc578]
Event: 3308.744 Thread 0x0000026b6da4c8d0 31596       4       org.eclipse.jdt.internal.compiler.lookup.MethodVerifier::areReturnTypesCompatible (105 bytes)
Event: 3308.750 Thread 0x0000026b6da4c8d0 nmethod 31596 0x0000026b5ecdbc90 code [0x0000026b5ecdbe40, 0x0000026b5ecdc058]
Event: 3309.163 Thread 0x0000026b6da4c8d0 31597       4       org.eclipse.core.runtime.SubProgressMonitor::done (63 bytes)
Event: 3309.166 Thread 0x0000026b6da4c8d0 nmethod 31597 0x0000026b5ecdb790 code [0x0000026b5ecdb940, 0x0000026b5ecdbab8]
Event: 3309.183 Thread 0x0000026b6da4c8d0 31598       4       org.eclipse.jdt.internal.compiler.lookup.SourceTypeBinding::addSyntheticBridgeMethod (301 bytes)
Event: 3309.215 Thread 0x0000026b6c19f430 31599       3       org.eclipse.text.templates.TemplateStoreCore::<init> (35 bytes)
Event: 3309.216 Thread 0x0000026b6c19f430 nmethod 31599 0x0000026b57dc5390 code [0x0000026b57dc5580, 0x0000026b57dc5b78]
Event: 3309.219 Thread 0x0000026b6da4c8d0 nmethod 31598 0x0000026b5dc3ed90 code [0x0000026b5dc3f060, 0x0000026b5dc40810]

GC Heap History (20 events):
Event: 3309.203 GC heap after
{Heap after GC invocations=13242 (full 186):
 PSYoungGen      total 8192K, used 3054K [0x00000000eab00000, 0x00000000ebe00000, 0x0000000100000000)
  eden space 5120K, 0% used [0x00000000eab00000,0x00000000eab00000,0x00000000eb000000)
  from space 3072K, 99% used [0x00000000eb000000,0x00000000eb2fbb10,0x00000000eb300000)
  to   space 6656K, 0% used [0x00000000eb780000,0x00000000eb780000,0x00000000ebe00000)
 ParOldGen       total 380928K, used 275570K [0x00000000c0000000, 0x00000000d7400000, 0x00000000eab00000)
  object space 380928K, 72% used [0x00000000c0000000,0x00000000d0d1cb80,0x00000000d7400000)
 Metaspace       used 101310K, committed 102784K, reserved 1179648K
  class space    used 10104K, committed 10688K, reserved 1048576K
}
Event: 3309.230 GC heap before
{Heap before GC invocations=13243 (full 186):
 PSYoungGen      total 8192K, used 8072K [0x00000000eab00000, 0x00000000ebe00000, 0x0000000100000000)
  eden space 5120K, 97% used [0x00000000eab00000,0x00000000eafe65a0,0x00000000eb000000)
  from space 3072K, 99% used [0x00000000eb000000,0x00000000eb2fbb10,0x00000000eb300000)
  to   space 6656K, 0% used [0x00000000eb780000,0x00000000eb780000,0x00000000ebe00000)
 ParOldGen       total 380928K, used 275570K [0x00000000c0000000, 0x00000000d7400000, 0x00000000eab00000)
  object space 380928K, 72% used [0x00000000c0000000,0x00000000d0d1cb80,0x00000000d7400000)
 Metaspace       used 101310K, committed 102784K, reserved 1179648K
  class space    used 10104K, committed 10688K, reserved 1048576K
}
Event: 3309.233 GC heap after
{Heap after GC invocations=13243 (full 186):
 PSYoungGen      total 8192K, used 2016K [0x00000000eab00000, 0x00000000eb980000, 0x0000000100000000)
  eden space 6144K, 0% used [0x00000000eab00000,0x00000000eab00000,0x00000000eb100000)
  from space 2048K, 98% used [0x00000000eb780000,0x00000000eb978010,0x00000000eb980000)
  to   space 3584K, 0% used [0x00000000eb280000,0x00000000eb280000,0x00000000eb600000)
 ParOldGen       total 380928K, used 277890K [0x00000000c0000000, 0x00000000d7400000, 0x00000000eab00000)
  object space 380928K, 72% used [0x00000000c0000000,0x00000000d0f60a60,0x00000000d7400000)
 Metaspace       used 101310K, committed 102784K, reserved 1179648K
  class space    used 10104K, committed 10688K, reserved 1048576K
}
Event: 3309.241 GC heap before
{Heap before GC invocations=13244 (full 186):
 PSYoungGen      total 8192K, used 8160K [0x00000000eab00000, 0x00000000eb980000, 0x0000000100000000)
  eden space 6144K, 100% used [0x00000000eab00000,0x00000000eb100000,0x00000000eb100000)
  from space 2048K, 98% used [0x00000000eb780000,0x00000000eb978010,0x00000000eb980000)
  to   space 3584K, 0% used [0x00000000eb280000,0x00000000eb280000,0x00000000eb600000)
 ParOldGen       total 380928K, used 277890K [0x00000000c0000000, 0x00000000d7400000, 0x00000000eab00000)
  object space 380928K, 72% used [0x00000000c0000000,0x00000000d0f60a60,0x00000000d7400000)
 Metaspace       used 101310K, committed 102784K, reserved 1179648K
  class space    used 10104K, committed 10688K, reserved 1048576K
}
Event: 3309.244 GC heap after
{Heap after GC invocations=13244 (full 186):
 PSYoungGen      total 11264K, used 3295K [0x00000000eab00000, 0x00000000eb980000, 0x0000000100000000)
  eden space 7680K, 0% used [0x00000000eab00000,0x00000000eab00000,0x00000000eb280000)
  from space 3584K, 91% used [0x00000000eb280000,0x00000000eb5b7e18,0x00000000eb600000)
  to   space 3584K, 0% used [0x00000000eb600000,0x00000000eb600000,0x00000000eb980000)
 ParOldGen       total 380928K, used 280735K [0x00000000c0000000, 0x00000000d7400000, 0x00000000eab00000)
  object space 380928K, 73% used [0x00000000c0000000,0x00000000d1227ef8,0x00000000d7400000)
 Metaspace       used 101310K, committed 102784K, reserved 1179648K
  class space    used 10104K, committed 10688K, reserved 1048576K
}
Event: 3309.289 GC heap before
{Heap before GC invocations=13245 (full 186):
 PSYoungGen      total 11264K, used 10018K [0x00000000eab00000, 0x00000000eb980000, 0x0000000100000000)
  eden space 7680K, 87% used [0x00000000eab00000,0x00000000eb190be0,0x00000000eb280000)
  from space 3584K, 91% used [0x00000000eb280000,0x00000000eb5b7e18,0x00000000eb600000)
  to   space 3584K, 0% used [0x00000000eb600000,0x00000000eb600000,0x00000000eb980000)
 ParOldGen       total 380928K, used 280735K [0x00000000c0000000, 0x00000000d7400000, 0x00000000eab00000)
  object space 380928K, 73% used [0x00000000c0000000,0x00000000d1227ef8,0x00000000d7400000)
 Metaspace       used 101310K, committed 102784K, reserved 1179648K
  class space    used 10104K, committed 10688K, reserved 1048576K
}
Event: 3309.291 GC heap after
{Heap after GC invocations=13245 (full 186):
 PSYoungGen      total 11264K, used 1130K [0x00000000eab00000, 0x00000000eb800000, 0x0000000100000000)
  eden space 9216K, 0% used [0x00000000eab00000,0x00000000eab00000,0x00000000eb400000)
  from space 2048K, 55% used [0x00000000eb600000,0x00000000eb71aa08,0x00000000eb800000)
  to   space 2048K, 0% used [0x00000000eb400000,0x00000000eb400000,0x00000000eb600000)
 ParOldGen       total 380928K, used 280759K [0x00000000c0000000, 0x00000000d7400000, 0x00000000eab00000)
  object space 380928K, 73% used [0x00000000c0000000,0x00000000d122def8,0x00000000d7400000)
 Metaspace       used 101310K, committed 102784K, reserved 1179648K
  class space    used 10104K, committed 10688K, reserved 1048576K
}
Event: 3309.466 GC heap before
{Heap before GC invocations=13246 (full 186):
 PSYoungGen      total 11264K, used 9378K [0x00000000eab00000, 0x00000000eb800000, 0x0000000100000000)
  eden space 9216K, 89% used [0x00000000eab00000,0x00000000eb30de48,0x00000000eb400000)
  from space 2048K, 55% used [0x00000000eb600000,0x00000000eb71aa08,0x00000000eb800000)
  to   space 2048K, 0% used [0x00000000eb400000,0x00000000eb400000,0x00000000eb600000)
 ParOldGen       total 380928K, used 280759K [0x00000000c0000000, 0x00000000d7400000, 0x00000000eab00000)
  object space 380928K, 73% used [0x00000000c0000000,0x00000000d122def8,0x00000000d7400000)
 Metaspace       used 101310K, committed 102784K, reserved 1179648K
  class space    used 10104K, committed 10688K, reserved 1048576K
}
Event: 3309.467 GC heap after
{Heap after GC invocations=13246 (full 186):
 PSYoungGen      total 10752K, used 1290K [0x00000000eab00000, 0x00000000eb700000, 0x0000000100000000)
  eden space 9216K, 0% used [0x00000000eab00000,0x00000000eab00000,0x00000000eb400000)
  from space 1536K, 84% used [0x00000000eb400000,0x00000000eb542a20,0x00000000eb580000)
  to   space 1536K, 0% used [0x00000000eb580000,0x00000000eb580000,0x00000000eb700000)
 ParOldGen       total 380928K, used 280799K [0x00000000c0000000, 0x00000000d7400000, 0x00000000eab00000)
  object space 380928K, 73% used [0x00000000c0000000,0x00000000d1237ef8,0x00000000d7400000)
 Metaspace       used 101310K, committed 102784K, reserved 1179648K
  class space    used 10104K, committed 10688K, reserved 1048576K
}
Event: 3309.568 GC heap before
{Heap before GC invocations=13247 (full 186):
 PSYoungGen      total 10752K, used 10506K [0x00000000eab00000, 0x00000000eb700000, 0x0000000100000000)
  eden space 9216K, 100% used [0x00000000eab00000,0x00000000eb400000,0x00000000eb400000)
  from space 1536K, 84% used [0x00000000eb400000,0x00000000eb542a20,0x00000000eb580000)
  to   space 1536K, 0% used [0x00000000eb580000,0x00000000eb580000,0x00000000eb700000)
 ParOldGen       total 380928K, used 280799K [0x00000000c0000000, 0x00000000d7400000, 0x00000000eab00000)
  object space 380928K, 73% used [0x00000000c0000000,0x00000000d1237ef8,0x00000000d7400000)
 Metaspace       used 101310K, committed 102784K, reserved 1179648K
  class space    used 10104K, committed 10688K, reserved 1048576K
}
Event: 3309.569 GC heap after
{Heap after GC invocations=13247 (full 186):
 PSYoungGen      total 9728K, used 160K [0x00000000eab00000, 0x00000000eb600000, 0x0000000100000000)
  eden space 9216K, 0% used [0x00000000eab00000,0x00000000eab00000,0x00000000eb400000)
  from space 512K, 31% used [0x00000000eb580000,0x00000000eb5a8000,0x00000000eb600000)
  to   space 1024K, 0% used [0x00000000eb400000,0x00000000eb400000,0x00000000eb500000)
 ParOldGen       total 380928K, used 280831K [0x00000000c0000000, 0x00000000d7400000, 0x00000000eab00000)
  object space 380928K, 73% used [0x00000000c0000000,0x00000000d123fef8,0x00000000d7400000)
 Metaspace       used 101310K, committed 102784K, reserved 1179648K
  class space    used 10104K, committed 10688K, reserved 1048576K
}
Event: 3309.605 GC heap before
{Heap before GC invocations=13248 (full 186):
 PSYoungGen      total 9728K, used 9375K [0x00000000eab00000, 0x00000000eb600000, 0x0000000100000000)
  eden space 9216K, 99% used [0x00000000eab00000,0x00000000eb3ffff8,0x00000000eb400000)
  from space 512K, 31% used [0x00000000eb580000,0x00000000eb5a8000,0x00000000eb600000)
  to   space 1024K, 0% used [0x00000000eb400000,0x00000000eb400000,0x00000000eb500000)
 ParOldGen       total 380928K, used 280831K [0x00000000c0000000, 0x00000000d7400000, 0x00000000eab00000)
  object space 380928K, 73% used [0x00000000c0000000,0x00000000d123fef8,0x00000000d7400000)
 Metaspace       used 101310K, committed 102784K, reserved 1179648K
  class space    used 10104K, committed 10688K, reserved 1048576K
}
Event: 3309.606 GC heap after
{Heap after GC invocations=13248 (full 186):
 PSYoungGen      total 10240K, used 1024K [0x00000000eab00000, 0x00000000ec100000, 0x0000000100000000)
  eden space 9216K, 0% used [0x00000000eab00000,0x00000000eab00000,0x00000000eb400000)
  from space 1024K, 100% used [0x00000000eb400000,0x00000000eb500000,0x00000000eb500000)
  to   space 6656K, 0% used [0x00000000eba80000,0x00000000eba80000,0x00000000ec100000)
 ParOldGen       total 380928K, used 285242K [0x00000000c0000000, 0x00000000d7400000, 0x00000000eab00000)
  object space 380928K, 74% used [0x00000000c0000000,0x00000000d168eb48,0x00000000d7400000)
 Metaspace       used 101310K, committed 102784K, reserved 1179648K
  class space    used 10104K, committed 10688K, reserved 1048576K
}
Event: 3309.722 GC heap before
{Heap before GC invocations=13249 (full 186):
 PSYoungGen      total 10240K, used 10240K [0x00000000eab00000, 0x00000000ec100000, 0x0000000100000000)
  eden space 9216K, 100% used [0x00000000eab00000,0x00000000eb400000,0x00000000eb400000)
  from space 1024K, 100% used [0x00000000eb400000,0x00000000eb500000,0x00000000eb500000)
  to   space 6656K, 0% used [0x00000000eba80000,0x00000000eba80000,0x00000000ec100000)
 ParOldGen       total 380928K, used 285242K [0x00000000c0000000, 0x00000000d7400000, 0x00000000eab00000)
  object space 380928K, 74% used [0x00000000c0000000,0x00000000d168eb48,0x00000000d7400000)
 Metaspace       used 101310K, committed 102784K, reserved 1179648K
  class space    used 10104K, committed 10688K, reserved 1048576K
}
Event: 3309.725 GC heap after
{Heap after GC invocations=13249 (full 186):
 PSYoungGen      total 12800K, used 3555K [0x00000000eab00000, 0x00000000ebe00000, 0x0000000100000000)
  eden space 9216K, 0% used [0x00000000eab00000,0x00000000eab00000,0x00000000eb400000)
  from space 3584K, 99% used [0x00000000eba80000,0x00000000ebdf8e40,0x00000000ebe00000)
  to   space 4608K, 0% used [0x00000000eb500000,0x00000000eb500000,0x00000000eb980000)
 ParOldGen       total 380928K, used 286256K [0x00000000c0000000, 0x00000000d7400000, 0x00000000eab00000)
  object space 380928K, 75% used [0x00000000c0000000,0x00000000d178c2d8,0x00000000d7400000)
 Metaspace       used 101310K, committed 102784K, reserved 1179648K
  class space    used 10104K, committed 10688K, reserved 1048576K
}
Event: 3309.742 GC heap before
{Heap before GC invocations=13250 (full 186):
 PSYoungGen      total 12800K, used 12473K [0x00000000eab00000, 0x00000000ebe00000, 0x0000000100000000)
  eden space 9216K, 96% used [0x00000000eab00000,0x00000000eb3b5690,0x00000000eb400000)
  from space 3584K, 99% used [0x00000000eba80000,0x00000000ebdf8e40,0x00000000ebe00000)
  to   space 4608K, 0% used [0x00000000eb500000,0x00000000eb500000,0x00000000eb980000)
 ParOldGen       total 380928K, used 286256K [0x00000000c0000000, 0x00000000d7400000, 0x00000000eab00000)
  object space 380928K, 75% used [0x00000000c0000000,0x00000000d178c2d8,0x00000000d7400000)
 Metaspace       used 101310K, committed 102784K, reserved 1179648K
  class space    used 10104K, committed 10688K, reserved 1048576K
}
Event: 3309.746 GC heap after
{Heap after GC invocations=13250 (full 186):
 PSYoungGen      total 13824K, used 4583K [0x00000000eab00000, 0x00000000ec600000, 0x0000000100000000)
  eden space 9216K, 0% used [0x00000000eab00000,0x00000000eab00000,0x00000000eb400000)
  from space 4608K, 99% used [0x00000000eb500000,0x00000000eb979d60,0x00000000eb980000)
  to   space 9216K, 0% used [0x00000000ebd00000,0x00000000ebd00000,0x00000000ec600000)
 ParOldGen       total 380928K, used 289820K [0x00000000c0000000, 0x00000000d7400000, 0x00000000eab00000)
  object space 380928K, 76% used [0x00000000c0000000,0x00000000d1b07210,0x00000000d7400000)
 Metaspace       used 101310K, committed 102784K, reserved 1179648K
  class space    used 10104K, committed 10688K, reserved 1048576K
}
Event: 3309.828 GC heap before
{Heap before GC invocations=13251 (full 186):
 PSYoungGen      total 13824K, used 13792K [0x00000000eab00000, 0x00000000ec600000, 0x0000000100000000)
  eden space 9216K, 99% used [0x00000000eab00000,0x00000000eb3fe368,0x00000000eb400000)
  from space 4608K, 99% used [0x00000000eb500000,0x00000000eb979d60,0x00000000eb980000)
  to   space 9216K, 0% used [0x00000000ebd00000,0x00000000ebd00000,0x00000000ec600000)
 ParOldGen       total 380928K, used 289820K [0x00000000c0000000, 0x00000000d7400000, 0x00000000eab00000)
  object space 380928K, 76% used [0x00000000c0000000,0x00000000d1b07210,0x00000000d7400000)
 Metaspace       used 101310K, committed 102784K, reserved 1179648K
  class space    used 10104K, committed 10688K, reserved 1048576K
}
Event: 3309.833 GC heap after
{Heap after GC invocations=13251 (full 186):
 PSYoungGen      total 14848K, used 5429K [0x00000000eab00000, 0x00000000ec280000, 0x0000000100000000)
  eden space 9216K, 0% used [0x00000000eab00000,0x00000000eab00000,0x00000000eb400000)
  from space 5632K, 96% used [0x00000000ebd00000,0x00000000ec24d470,0x00000000ec280000)
  to   space 6656K, 0% used [0x00000000eb580000,0x00000000eb580000,0x00000000ebc00000)
 ParOldGen       total 380928K, used 294089K [0x00000000c0000000, 0x00000000d7400000, 0x00000000eab00000)
  object space 380928K, 77% used [0x00000000c0000000,0x00000000d1f32608,0x00000000d7400000)
 Metaspace       used 101310K, committed 102784K, reserved 1179648K
  class space    used 10104K, committed 10688K, reserved 1048576K
}
Event: 3309.854 GC heap before
{Heap before GC invocations=13252 (full 186):
 PSYoungGen      total 14848K, used 14645K [0x00000000eab00000, 0x00000000ec280000, 0x0000000100000000)
  eden space 9216K, 100% used [0x00000000eab00000,0x00000000eb400000,0x00000000eb400000)
  from space 5632K, 96% used [0x00000000ebd00000,0x00000000ec24d470,0x00000000ec280000)
  to   space 6656K, 0% used [0x00000000eb580000,0x00000000eb580000,0x00000000ebc00000)
 ParOldGen       total 380928K, used 294089K [0x00000000c0000000, 0x00000000d7400000, 0x00000000eab00000)
  object space 380928K, 77% used [0x00000000c0000000,0x00000000d1f32608,0x00000000d7400000)
 Metaspace       used 101310K, committed 102784K, reserved 1179648K
  class space    used 10104K, committed 10688K, reserved 1048576K
}

Dll operation events (11 events):
Event: 0.010 Loaded shared library c:\Users\hamed\.vscode\extensions\redhat.java-1.21.0-win32-x64\jre\17.0.7-win32-x86_64\bin\java.dll
Event: 0.176 Loaded shared library c:\Users\hamed\.vscode\extensions\redhat.java-1.21.0-win32-x64\jre\17.0.7-win32-x86_64\bin\zip.dll
Event: 0.181 Loaded shared library C:\Users\hamed\.vscode\extensions\redhat.java-1.21.0-win32-x64\jre\17.0.7-win32-x86_64\bin\instrument.dll
Event: 0.198 Loaded shared library C:\Users\hamed\.vscode\extensions\redhat.java-1.21.0-win32-x64\jre\17.0.7-win32-x86_64\bin\net.dll
Event: 0.201 Loaded shared library C:\Users\hamed\.vscode\extensions\redhat.java-1.21.0-win32-x64\jre\17.0.7-win32-x86_64\bin\nio.dll
Event: 0.209 Loaded shared library C:\Users\hamed\.vscode\extensions\redhat.java-1.21.0-win32-x64\jre\17.0.7-win32-x86_64\bin\zip.dll
Event: 0.226 Loaded shared library C:\Users\hamed\.vscode\extensions\redhat.java-1.21.0-win32-x64\jre\17.0.7-win32-x86_64\bin\jimage.dll
Event: 0.307 Loaded shared library c:\Users\hamed\.vscode\extensions\redhat.java-1.21.0-win32-x64\jre\17.0.7-win32-x86_64\bin\verify.dll
Event: 3.953 Loaded shared library C:\Users\hamed\AppData\Roaming\Code\User\globalStorage\redhat.java\1.21.0\config_win\org.eclipse.equinox.launcher\org.eclipse.equinox.launcher.win32.win32.x86_64_1.2.700.v20221108-1024\eclipse_11801.dll
Event: 7.905 Loaded shared library C:\Users\hamed\AppData\Local\Temp\jna-99043891\jna2811415818928007138.dll
Event: 8.699 Loaded shared library C:\Users\hamed\.vscode\extensions\redhat.java-1.21.0-win32-x64\jre\17.0.7-win32-x86_64\bin\sunmscapi.dll

Deoptimization events (20 events):
Event: 3226.632 Thread 0x0000026b042006a0 DEOPT PACKING pc=0x0000026b5eff9af8 sp=0x000000fa7bcfe190
Event: 3226.632 Thread 0x0000026b042006a0 DEOPT UNPACKING pc=0x0000026b5d1766a3 sp=0x000000fa7bcfe100 mode 2
Event: 3227.919 Thread 0x0000026b042006a0 Uncommon trap: trap_request=0xffffffbe fr.pc=0x0000026b5eff9af8 relative=0x0000000000000078
Event: 3227.919 Thread 0x0000026b042006a0 Uncommon trap: reason=profile_predicate action=maybe_recompile pc=0x0000026b5eff9af8 method=org.eclipse.jdt.core.Signature.getTypeArguments([C)[[C @ 73 c2
Event: 3227.919 Thread 0x0000026b042006a0 DEOPT PACKING pc=0x0000026b5eff9af8 sp=0x000000fa7bcfe190
Event: 3227.919 Thread 0x0000026b042006a0 DEOPT UNPACKING pc=0x0000026b5d1766a3 sp=0x000000fa7bcfe100 mode 2
Event: 3229.004 Thread 0x0000026b042006a0 Uncommon trap: trap_request=0xffffffbe fr.pc=0x0000026b5eff9af8 relative=0x0000000000000078
Event: 3229.004 Thread 0x0000026b042006a0 Uncommon trap: reason=profile_predicate action=maybe_recompile pc=0x0000026b5eff9af8 method=org.eclipse.jdt.core.Signature.getTypeArguments([C)[[C @ 73 c2
Event: 3229.004 Thread 0x0000026b042006a0 DEOPT PACKING pc=0x0000026b5eff9af8 sp=0x000000fa7bcfe190
Event: 3229.004 Thread 0x0000026b042006a0 DEOPT UNPACKING pc=0x0000026b5d1766a3 sp=0x000000fa7bcfe100 mode 2
Event: 3230.802 Thread 0x0000026b7c5a3650 Uncommon trap: trap_request=0xffffffbe fr.pc=0x0000026b5d81ce90 relative=0x0000000000000090
Event: 3230.802 Thread 0x0000026b7c5a3650 Uncommon trap: reason=profile_predicate action=maybe_recompile pc=0x0000026b5d81ce90 method=org.eclipse.jdt.core.Signature.getTypeArguments([C)[[C @ 74 c2
Event: 3230.802 Thread 0x0000026b7c5a3650 DEOPT PACKING pc=0x0000026b5d81ce90 sp=0x000000fa78bfe020
Event: 3230.802 Thread 0x0000026b7c5a3650 DEOPT UNPACKING pc=0x0000026b5d1766a3 sp=0x000000fa78bfdf88 mode 2
Event: 3232.352 Thread 0x0000026b7c5a3650 Uncommon trap: trap_request=0xffffffbe fr.pc=0x0000026b5d81ce90 relative=0x0000000000000090
Event: 3232.352 Thread 0x0000026b7c5a3650 Uncommon trap: reason=profile_predicate action=maybe_recompile pc=0x0000026b5d81ce90 method=org.eclipse.jdt.core.Signature.getTypeArguments([C)[[C @ 74 c2
Event: 3232.352 Thread 0x0000026b7c5a3650 DEOPT PACKING pc=0x0000026b5d81ce90 sp=0x000000fa78bfe020
Event: 3232.352 Thread 0x0000026b7c5a3650 DEOPT UNPACKING pc=0x0000026b5d1766a3 sp=0x000000fa78bfdf88 mode 2
Event: 3288.710 Thread 0x0000026b6d715a00 DEOPT PACKING pc=0x0000026b57ec4567 sp=0x000000fa7b0fec50
Event: 3288.710 Thread 0x0000026b6d715a00 DEOPT UNPACKING pc=0x0000026b5d176e43 sp=0x000000fa7b0fe180 mode 0

Classes unloaded (20 events):
Event: 3293.253 Thread 0x0000026b66cb4e30 Unloading class 0x00000001009b4800 'java/lang/invoke/LambdaForm$MH+0x00000001009b4800'
Event: 3293.253 Thread 0x0000026b66cb4e30 Unloading class 0x00000001009b4400 'java/lang/invoke/LambdaForm$MH+0x00000001009b4400'
Event: 3293.253 Thread 0x0000026b66cb4e30 Unloading class 0x00000001009a9000 'java/lang/invoke/LambdaForm$MH+0x00000001009a9000'
Event: 3293.253 Thread 0x0000026b66cb4e30 Unloading class 0x00000001009a8c00 'java/lang/invoke/LambdaForm$MH+0x00000001009a8c00'
Event: 3293.253 Thread 0x0000026b66cb4e30 Unloading class 0x00000001009a8800 'java/lang/invoke/LambdaForm$MH+0x00000001009a8800'
Event: 3293.253 Thread 0x0000026b66cb4e30 Unloading class 0x00000001009a8400 'java/lang/invoke/LambdaForm$MH+0x00000001009a8400'
Event: 3293.253 Thread 0x0000026b66cb4e30 Unloading class 0x00000001009a8000 'java/lang/invoke/LambdaForm$MH+0x00000001009a8000'
Event: 3293.253 Thread 0x0000026b66cb4e30 Unloading class 0x00000001009a0c00 'java/lang/invoke/LambdaForm$MH+0x00000001009a0c00'
Event: 3293.253 Thread 0x0000026b66cb4e30 Unloading class 0x00000001009a0800 'java/lang/invoke/LambdaForm$MH+0x00000001009a0800'
Event: 3293.253 Thread 0x0000026b66cb4e30 Unloading class 0x00000001009a0400 'java/lang/invoke/LambdaForm$MH+0x00000001009a0400'
Event: 3293.253 Thread 0x0000026b66cb4e30 Unloading class 0x000000010099c800 'java/lang/invoke/LambdaForm$MH+0x000000010099c800'
Event: 3293.253 Thread 0x0000026b66cb4e30 Unloading class 0x000000010099c400 'java/lang/invoke/LambdaForm$MH+0x000000010099c400'
Event: 3293.253 Thread 0x0000026b66cb4e30 Unloading class 0x000000010099c000 'java/lang/invoke/LambdaForm$MH+0x000000010099c000'
Event: 3307.759 Thread 0x0000026b66cb4e30 Unloading class 0x0000000100a5dc00 'jdk/internal/reflect/GeneratedSerializationConstructorAccessor66'
Event: 3307.759 Thread 0x0000026b66cb4e30 Unloading class 0x0000000100a5d800 'jdk/internal/reflect/GeneratedSerializationConstructorAccessor65'
Event: 3307.759 Thread 0x0000026b66cb4e30 Unloading class 0x0000000100a5d000 'jdk/internal/reflect/GeneratedSerializationConstructorAccessor64'
Event: 3307.759 Thread 0x0000026b66cb4e30 Unloading class 0x0000000100a5c400 'jdk/internal/reflect/GeneratedSerializationConstructorAccessor63'
Event: 3307.759 Thread 0x0000026b66cb4e30 Unloading class 0x0000000100a4c800 'java/lang/invoke/LambdaForm$MH+0x0000000100a4c800'
Event: 3307.759 Thread 0x0000026b66cb4e30 Unloading class 0x0000000100a4c400 'java/lang/invoke/LambdaForm$MH+0x0000000100a4c400'
Event: 3307.759 Thread 0x0000026b66cb4e30 Unloading class 0x0000000100a4c000 'java/lang/invoke/LambdaForm$MH+0x0000000100a4c000'

Classes redefined (0 events):
No events

Internal exceptions (20 events):
Event: 3308.600 Thread 0x0000026b04201510 Implicit null exception at 0x0000026b5769d876 to 0x0000026b5769defd
Event: 3308.600 Thread 0x0000026b04201510 Exception <a 'java/lang/NullPointerException'{0x00000000eaf63fb0}> (0x00000000eaf63fb0) 
thrown [s\src\hotspot\share\runtime\sharedRuntime.cpp, line 628]
Event: 3308.732 Thread 0x0000026b73639770 Implicit null exception at 0x0000026b5769d876 to 0x0000026b5769defd
Event: 3308.732 Thread 0x0000026b73639770 Exception <a 'java/lang/NullPointerException'{0x00000000eb008ec8}> (0x00000000eb008ec8) 
thrown [s\src\hotspot\share\runtime\sharedRuntime.cpp, line 628]
Event: 3308.765 Thread 0x0000026b73639770 Implicit null exception at 0x0000026b5769d876 to 0x0000026b5769defd
Event: 3308.765 Thread 0x0000026b73639770 Exception <a 'java/lang/NullPointerException'{0x00000000ead0fa70}> (0x00000000ead0fa70) 
thrown [s\src\hotspot\share\runtime\sharedRuntime.cpp, line 628]
Event: 3308.874 Thread 0x0000026b73639770 Implicit null exception at 0x0000026b5769d876 to 0x0000026b5769defd
Event: 3308.874 Thread 0x0000026b73639770 Exception <a 'java/lang/NullPointerException'{0x00000000eacfbaf0}> (0x00000000eacfbaf0) 
thrown [s\src\hotspot\share\runtime\sharedRuntime.cpp, line 628]
Event: 3309.051 Thread 0x0000026b04201510 Implicit null exception at 0x0000026b5769d876 to 0x0000026b5769defd
Event: 3309.051 Thread 0x0000026b04201510 Exception <a 'java/lang/NullPointerException'{0x00000000eac59ca0}> (0x00000000eac59ca0) 
thrown [s\src\hotspot\share\runtime\sharedRuntime.cpp, line 628]
Event: 3309.172 Thread 0x0000026b04201510 Implicit null exception at 0x0000026b5769d876 to 0x0000026b5769defd
Event: 3309.172 Thread 0x0000026b04201510 Exception <a 'java/lang/NullPointerException'{0x00000000eab772a0}> (0x00000000eab772a0) 
thrown [s\src\hotspot\share\runtime\sharedRuntime.cpp, line 628]
Event: 3309.296 Thread 0x0000026b73639770 Implicit null exception at 0x0000026b5769d876 to 0x0000026b5769defd
Event: 3309.296 Thread 0x0000026b73639770 Exception <a 'java/lang/NullPointerException'{0x00000000eacfb880}> (0x00000000eacfb880) 
thrown [s\src\hotspot\share\runtime\sharedRuntime.cpp, line 628]
Event: 3309.469 Thread 0x0000026b73638900 Implicit null exception at 0x0000026b5769d876 to 0x0000026b5769defd
Event: 3309.469 Thread 0x0000026b73638900 Exception <a 'java/lang/NullPointerException'{0x00000000eae680d8}> (0x00000000eae680d8) 
thrown [s\src\hotspot\share\runtime\sharedRuntime.cpp, line 628]
Event: 3309.601 Thread 0x0000026b6fbb7880 Implicit null exception at 0x0000026b5769d876 to 0x0000026b5769defd
Event: 3309.601 Thread 0x0000026b6fbb7880 Exception <a 'java/lang/NullPointerException'{0x00000000eb244580}> (0x00000000eb244580) 
thrown [s\src\hotspot\share\runtime\sharedRuntime.cpp, line 628]
Event: 3309.720 Thread 0x0000026b04201510 Implicit null exception at 0x0000026b5769d876 to 0x0000026b5769defd
Event: 3309.720 Thread 0x0000026b04201510 Exception <a 'java/lang/NullPointerException'{0x00000000eb356950}> (0x00000000eb356950) 
thrown [s\src\hotspot\share\runtime\sharedRuntime.cpp, line 628]

VM Operations (20 events):
Event: 3309.203 Executing VM operation: ParallelGCFailedAllocation done
Event: 3309.230 Executing VM operation: ParallelGCFailedAllocation
Event: 3309.233 Executing VM operation: ParallelGCFailedAllocation done
Event: 3309.241 Executing VM operation: ParallelGCFailedAllocation
Event: 3309.244 Executing VM operation: ParallelGCFailedAllocation done
Event: 3309.289 Executing VM operation: ParallelGCFailedAllocation
Event: 3309.291 Executing VM operation: ParallelGCFailedAllocation done
Event: 3309.466 Executing VM operation: ParallelGCFailedAllocation
Event: 3309.467 Executing VM operation: ParallelGCFailedAllocation done
Event: 3309.568 Executing VM operation: ParallelGCFailedAllocation
Event: 3309.569 Executing VM operation: ParallelGCFailedAllocation done
Event: 3309.604 Executing VM operation: ParallelGCFailedAllocation
Event: 3309.606 Executing VM operation: ParallelGCFailedAllocation done
Event: 3309.722 Executing VM operation: ParallelGCFailedAllocation
Event: 3309.725 Executing VM operation: ParallelGCFailedAllocation done
Event: 3309.742 Executing VM operation: ParallelGCFailedAllocation
Event: 3309.746 Executing VM operation: ParallelGCFailedAllocation done
Event: 3309.828 Executing VM operation: ParallelGCFailedAllocation
Event: 3309.833 Executing VM operation: ParallelGCFailedAllocation done
Event: 3309.854 Executing VM operation: ParallelGCFailedAllocation

Events (20 events):
Event: 3286.873 Thread 0x0000026b6c1a0920 flushing nmethod 0x0000026b5816a190
Event: 3286.873 Thread 0x0000026b6c1a0920 flushing nmethod 0x0000026b581a6610
Event: 3286.873 Thread 0x0000026b6c1a0920 flushing nmethod 0x0000026b581ba810
Event: 3286.873 Thread 0x0000026b6c1a0920 flushing nmethod 0x0000026b581e9e90
Event: 3286.874 Thread 0x0000026b6c1a0920 flushing nmethod 0x0000026b5826d710
Event: 3286.874 Thread 0x0000026b6c1a0920 flushing nmethod 0x0000026b58382410
Event: 3286.875 Thread 0x0000026b6c1a0920 flushing nmethod 0x0000026b584c4b90
Event: 3286.875 Thread 0x0000026b6c1a0920 flushing nmethod 0x0000026b584d8010
Event: 3288.909 loading class jdk/internal/module/IllegalAccessLogger
Event: 3288.909 loading class jdk/internal/module/IllegalAccessLogger done
Event: 3288.909 Thread 0x0000026b6ec19500 Thread added: 0x0000026b6ec19500
Event: 3288.949 Thread 0x0000026b6ec19500 Thread exited: 0x0000026b6ec19500
Event: 3306.736 Thread 0x0000026b71a63270 Thread added: 0x0000026b71a63270
Event: 3306.737 Thread 0x0000026b6f8597e0 Thread added: 0x0000026b6f8597e0
Event: 3306.737 Thread 0x0000026b6f858970 Thread added: 0x0000026b6f858970
Event: 3306.737 Thread 0x0000026b6f858970 Thread exited: 0x0000026b6f858970
Event: 3306.737 Thread 0x0000026b71a63270 Thread exited: 0x0000026b71a63270
Event: 3306.737 Thread 0x0000026b6f8597e0 Thread exited: 0x0000026b6f8597e0
Event: 3308.668 Thread 0x0000026b6da4b490 Thread added: 0x0000026b6da4b490
Event: 3308.669 Thread 0x0000026b6da4c8d0 Thread added: 0x0000026b6da4c8d0


Dynamic libraries:
0x00007ff6a4fa0000 - 0x00007ff6a4fae000 	c:\Users\hamed\.vscode\extensions\redhat.java-1.21.0-win32-x64\jre\17.0.7-win32-x86_64\bin\java.exe
0x00007ffc15df0000 - 0x00007ffc15fe8000 	C:\Windows\SYSTEM32\ntdll.dll
0x00007ffc15430000 - 0x00007ffc154ef000 	C:\Windows\System32\KERNEL32.DLL
0x00007ffc136e0000 - 0x00007ffc139d6000 	C:\Windows\System32\KERNELBASE.dll
0x00007ffc13c00000 - 0x00007ffc13d00000 	C:\Windows\System32\ucrtbase.dll
0x00007ffbe82d0000 - 0x00007ffbe82e7000 	c:\Users\hamed\.vscode\extensions\redhat.java-1.21.0-win32-x64\jre\17.0.7-win32-x86_64\bin\jli.dll
0x00007ffbd31e0000 - 0x00007ffbd31f9000 	c:\Users\hamed\.vscode\extensions\redhat.java-1.21.0-win32-x64\jre\17.0.7-win32-x86_64\bin\VCRUNTIME140.dll
0x00007ffc14b60000 - 0x00007ffc14cfd000 	C:\Windows\System32\USER32.dll
0x00007ffc13e20000 - 0x00007ffc13e42000 	C:\Windows\System32\win32u.dll
0x00007ffc07f00000 - 0x00007ffc0819a000 	C:\Windows\WinSxS\amd64_microsoft.windows.common-controls_6595b64144ccf1df_6.0.19041.1110_none_60b5254171f9507e\COMCTL32.dll
0x00007ffc15190000 - 0x00007ffc151bc000 	C:\Windows\System32\GDI32.dll
0x00007ffc147d0000 - 0x00007ffc1486e000 	C:\Windows\System32\msvcrt.dll
0x00007ffc13d00000 - 0x00007ffc13e15000 	C:\Windows\System32\gdi32full.dll
0x00007ffc13b10000 - 0x00007ffc13bad000 	C:\Windows\System32\msvcp_win.dll
0x00007ffc13f00000 - 0x00007ffc13f30000 	C:\Windows\System32\IMM32.DLL
0x00007ffc01ff0000 - 0x00007ffc01ffc000 	c:\Users\hamed\.vscode\extensions\redhat.java-1.21.0-win32-x64\jre\17.0.7-win32-x86_64\bin\vcruntime140_1.dll
0x00007ffbc19b0000 - 0x00007ffbc1a41000 	c:\Users\hamed\.vscode\extensions\redhat.java-1.21.0-win32-x64\jre\17.0.7-win32-x86_64\bin\msvcp140.dll
0x00007ffbb1120000 - 0x00007ffbb1d68000 	c:\Users\hamed\.vscode\extensions\redhat.java-1.21.0-win32-x64\jre\17.0.7-win32-x86_64\bin\server\jvm.dll
0x00007ffc14870000 - 0x00007ffc1491f000 	C:\Windows\System32\ADVAPI32.dll
0x00007ffc15560000 - 0x00007ffc155fc000 	C:\Windows\System32\sechost.dll
0x00007ffc144d0000 - 0x00007ffc145f6000 	C:\Windows\System32\RPCRT4.dll
0x00007ffc0ddb0000 - 0x00007ffc0ddb9000 	C:\Windows\SYSTEM32\WSOCK32.dll
0x00007ffc0dc00000 - 0x00007ffc0dc0a000 	C:\Windows\SYSTEM32\VERSION.dll
0x00007ffc14760000 - 0x00007ffc147cb000 	C:\Windows\System32\WS2_32.dll
0x00007ffc0c9c0000 - 0x00007ffc0c9e7000 	C:\Windows\SYSTEM32\WINMM.dll
0x00007ffc11d50000 - 0x00007ffc11d62000 	C:\Windows\SYSTEM32\kernel.appcore.dll
0x00007ffc01ce0000 - 0x00007ffc01cea000 	c:\Users\hamed\.vscode\extensions\redhat.java-1.21.0-win32-x64\jre\17.0.7-win32-x86_64\bin\jimage.dll
0x00007ffbfffb0000 - 0x00007ffc00194000 	C:\Windows\SYSTEM32\DBGHELP.DLL
0x00007ffbffee0000 - 0x00007ffbfff14000 	C:\Windows\SYSTEM32\dbgcore.DLL
0x00007ffc139e0000 - 0x00007ffc13a62000 	C:\Windows\System32\bcryptPrimitives.dll
0x00007ffbf85b0000 - 0x00007ffbf85be000 	c:\Users\hamed\.vscode\extensions\redhat.java-1.21.0-win32-x64\jre\17.0.7-win32-x86_64\bin\instrument.dll
0x00007ffbd28e0000 - 0x00007ffbd2905000 	c:\Users\hamed\.vscode\extensions\redhat.java-1.21.0-win32-x64\jre\17.0.7-win32-x86_64\bin\java.dll
0x00007ffbd26d0000 - 0x00007ffbd26e8000 	c:\Users\hamed\.vscode\extensions\redhat.java-1.21.0-win32-x64\jre\17.0.7-win32-x86_64\bin\zip.dll
0x00007ffc15600000 - 0x00007ffc15d44000 	C:\Windows\System32\SHELL32.dll
0x00007ffc11540000 - 0x00007ffc11cd3000 	C:\Windows\SYSTEM32\windows.storage.dll
0x00007ffc14e30000 - 0x00007ffc15184000 	C:\Windows\System32\combase.dll
0x00007ffc12f10000 - 0x00007ffc12f3e000 	C:\Windows\SYSTEM32\Wldp.dll
0x00007ffc13e50000 - 0x00007ffc13efd000 	C:\Windows\System32\SHCORE.dll
0x00007ffc15500000 - 0x00007ffc15555000 	C:\Windows\System32\shlwapi.dll
0x00007ffc13400000 - 0x00007ffc13425000 	C:\Windows\SYSTEM32\profapi.dll
0x00007ffbd2590000 - 0x00007ffbd25a9000 	C:\Users\hamed\.vscode\extensions\redhat.java-1.21.0-win32-x64\jre\17.0.7-win32-x86_64\bin\net.dll
0x00007ffc0e100000 - 0x00007ffc0e20a000 	C:\Windows\SYSTEM32\WINHTTP.dll
0x00007ffc12c70000 - 0x00007ffc12cda000 	C:\Windows\system32\mswsock.dll
0x00007ffbd1e60000 - 0x00007ffbd1e75000 	C:\Users\hamed\.vscode\extensions\redhat.java-1.21.0-win32-x64\jre\17.0.7-win32-x86_64\bin\nio.dll
0x00007ffbf47c0000 - 0x00007ffbf47d0000 	c:\Users\hamed\.vscode\extensions\redhat.java-1.21.0-win32-x64\jre\17.0.7-win32-x86_64\bin\verify.dll
0x00007ffbcfe00000 - 0x00007ffbcfe3e000 	C:\Users\hamed\AppData\Roaming\Code\User\globalStorage\redhat.java\1.21.0\config_win\org.eclipse.equinox.launcher\org.eclipse.equinox.launcher.win32.win32.x86_64_1.2.700.v20221108-1024\eclipse_11801.dll
0x00007ffc143a0000 - 0x00007ffc144ca000 	C:\Windows\System32\ole32.dll
0x00007ffc12e60000 - 0x00007ffc12e78000 	C:\Windows\SYSTEM32\CRYPTSP.dll
0x00007ffc12510000 - 0x00007ffc12544000 	C:\Windows\system32\rsaenh.dll
0x00007ffc13a70000 - 0x00007ffc13a97000 	C:\Windows\System32\bcrypt.dll
0x00007ffc13380000 - 0x00007ffc133ae000 	C:\Windows\SYSTEM32\USERENV.dll
0x00007ffc12e80000 - 0x00007ffc12e8c000 	C:\Windows\SYSTEM32\CRYPTBASE.dll
0x00007ffc12910000 - 0x00007ffc1294b000 	C:\Windows\SYSTEM32\IPHLPAPI.DLL
0x00007ffc154f0000 - 0x00007ffc154f8000 	C:\Windows\System32\NSI.dll
0x00007ffc0df60000 - 0x00007ffc0df77000 	C:\Windows\SYSTEM32\dhcpcsvc6.DLL
0x00007ffc0df40000 - 0x00007ffc0df5d000 	C:\Windows\SYSTEM32\dhcpcsvc.DLL
0x00007ffc12960000 - 0x00007ffc12a2a000 	C:\Windows\SYSTEM32\DNSAPI.dll
0x00007ffc074c0000 - 0x00007ffc07505000 	C:\Users\hamed\AppData\Local\Temp\jna-99043891\jna2811415818928007138.dll
0x00007ffc151c0000 - 0x00007ffc151c8000 	C:\Windows\System32\PSAPI.DLL
0x00007ffc0e340000 - 0x00007ffc0e34e000 	C:\Users\hamed\.vscode\extensions\redhat.java-1.21.0-win32-x64\jre\17.0.7-win32-x86_64\bin\sunmscapi.dll
0x00007ffc134d0000 - 0x00007ffc1362e000 	C:\Windows\System32\CRYPT32.dll
0x00007ffc12f80000 - 0x00007ffc12fa8000 	C:\Windows\SYSTEM32\ncrypt.dll
0x00007ffc12f40000 - 0x00007ffc12f7b000 	C:\Windows\SYSTEM32\NTASN1.dll
0x00007ffc0db30000 - 0x00007ffc0db3a000 	C:\Windows\System32\rasadhlp.dll
0x00007ffc12630000 - 0x00007ffc12663000 	C:\Windows\SYSTEM32\ntmarta.dll
0x00007ffbf89b0000 - 0x00007ffbf89b7000 	C:\Windows\system32\wshunix.dll
0x00007ffc0c070000 - 0x00007ffc0c0f2000 	C:\Windows\System32\fwpuclnt.dll

dbghelp: loaded successfully - version: 4.0.5 - missing functions: none
symbol engine: initialized successfully - sym options: 0x614 - pdb path: .;c:\Users\hamed\.vscode\extensions\redhat.java-1.21.0-win32-x64\jre\17.0.7-win32-x86_64\bin;C:\Windows\SYSTEM32;C:\Windows\WinSxS\amd64_microsoft.windows.common-controls_6595b64144ccf1df_6.0.19041.1110_none_60b5254171f9507e;c:\Users\hamed\.vscode\extensions\redhat.java-1.21.0-win32-x64\jre\17.0.7-win32-x86_64\bin\server;C:\Users\hamed\AppData\Roaming\Code\User\globalStorage\redhat.java\1.21.0\config_win\org.eclipse.equinox.launcher\org.eclipse.equinox.launcher.win32.win32.x86_64_1.2.700.v20221108-1024;C:\Users\hamed\AppData\Local\Temp\jna-99043891

VM Arguments:
jvm_args: --add-modules=ALL-SYSTEM --add-opens=java.base/java.util=ALL-UNNAMED --add-opens=java.base/java.lang=ALL-UNNAMED --add-opens=java.base/sun.nio.fs=ALL-UNNAMED -Declipse.application=org.eclipse.jdt.ls.core.id1 -Dosgi.bundles.defaultStartLevel=4 -Declipse.product=org.eclipse.jdt.ls.core.product -Djava.import.generatesMetadataFilesAtProjectRoot=false -Dfile.encoding=utf8 -XX:+UseParallelGC -XX:GCTimeRatio=4 -XX:AdaptiveSizePolicyWeight=90 -Dsun.zip.disableMemoryMapping=true -Xmx1G -Xms100m -Xlog:disable -javaagent:c:\Users\hamed\.vscode\extensions\redhat.java-1.21.0-win32-x64\lombok\lombok-1.18.28.jar -XX:+HeapDumpOnOutOfMemoryError -XX:HeapDumpPath=c:\Users\hamed\AppData\Roaming\Code\User\workspaceStorage\82c2a56adc5184e14120199090c256f6\redhat.java -Daether.dependencyCollector.impl=bf 
java_command: c:\Users\hamed\.vscode\extensions\redhat.java-1.21.0-win32-x64\server\plugins\org.eclipse.equinox.launcher_1.6.500.v20230717-2134.jar -configuration c:\Users\hamed\AppData\Roaming\Code\User\globalStorage\redhat.java\1.21.0\config_win -data c:\Users\hamed\AppData\Roaming\Code\User\workspaceStorage\82c2a56adc5184e14120199090c256f6\redhat.java\jdt_ws
java_class_path (initial): c:\Users\hamed\.vscode\extensions\redhat.java-1.21.0-win32-x64\server\plugins\org.eclipse.equinox.launcher_1.6.500.v20230717-2134.jar
Launcher Type: SUN_STANDARD

[Global flags]
    uintx AdaptiveSizePolicyWeight                 = 90                                        {product} {command line}
     intx CICompilerCount                          = 4                                         {product} {ergonomic}
    uintx GCTimeRatio                              = 4                                         {product} {command line}
     bool HeapDumpOnOutOfMemoryError               = true                                   {manageable} {command line}
    ccstr HeapDumpPath                             = c:\Users\hamed\AppData\Roaming\Code\User\workspaceStorage\82c2a56adc5184e14120199090c256f6\redhat.java         {manageable} {command line}
   size_t InitialHeapSize                          = 104857600                                 {product} {command line}
   size_t MaxHeapSize                              = 1073741824                                {product} {command line}
   size_t MaxNewSize                               = 357564416                                 {product} {ergonomic}
   size_t MinHeapDeltaBytes                        = 524288                                    {product} {ergonomic}
   size_t MinHeapSize                              = 104857600                                 {product} {command line}
   size_t NewSize                                  = 34603008                                  {product} {ergonomic}
    uintx NonNMethodCodeHeapSize                   = 5839372                                {pd product} {ergonomic}
    uintx NonProfiledCodeHeapSize                  = 122909434                              {pd product} {ergonomic}
   size_t OldSize                                  = 70254592                                  {product} {ergonomic}
    uintx ProfiledCodeHeapSize                     = 122909434                              {pd product} {ergonomic}
    uintx ReservedCodeCacheSize                    = 251658240                              {pd product} {ergonomic}
     bool SegmentedCodeCache                       = true                                      {product} {ergonomic}
   size_t SoftMaxHeapSize                          = 1073741824                             {manageable} {ergonomic}
     bool UseCompressedClassPointers               = true                           {product lp64_product} {ergonomic}
     bool UseCompressedOops                        = true                           {product lp64_product} {ergonomic}
     bool UseLargePagesIndividualAllocation        = false                                  {pd product} {ergonomic}
     bool UseParallelGC                            = true                                      {product} {command line}

Logging:
Log output configuration:
 #0: stdout all=off uptime,level,tags
 #1: stderr all=off uptime,level,tags

Environment Variables:
JAVA_HOME=C:\Dev\JDKs\java-11-openjdk-11.0.19.7-1.windows.redhat.x86_64
PATH=C:\Program Files (x86)\VMware\VMware Workstation\bin\;C:\Windows\system32;C:\Windows;C:\Windows\System32\Wbem;C:\Windows\System32\WindowsPowerShell\v1.0\;C:\Windows\System32\OpenSSH\;C:\Program Files\Git\cmd;C:\Program Files\dotnet\;C:\Dev\JDKs\java-11-openjdk-11.0.19.7-1.windows.redhat.x86_64\bin;C:\Dev\apache-maven-3.8.6\bin;;C:\Program Files (x86)\NVIDIA Corporation\PhysX\Common;C:\Program Files\NVIDIA Corporation\NVIDIA NvDLISR;C:\Program Files\Calibre2\;C:\Users\hamed\AppData\Local\Microsoft\WindowsApps;;C:\Program Files\JetBrains\IntelliJ IDEA Community Edition 2023.1.4\bin;;C:\Users\hamed\AppData\Local\Programs\Microsoft VS Code\bin
USERNAME=hamed
OS=Windows_NT
PROCESSOR_IDENTIFIER=AMD64 Family 23 Model 1 Stepping 1, AuthenticAMD
TMP=C:\Users\hamed\AppData\Local\Temp
TEMP=C:\Users\hamed\AppData\Local\Temp



---------------  S Y S T E M  ---------------

OS:
 Windows 10 , 64 bit Build 19041 (10.0.19041.3155)
OS uptime: 1 days 10:44 hours

CPU: total 12 (initial active 12) (12 cores per cpu, 2 threads per core) family 23 model 1 stepping 1 microcode 0x0, cx8, cmov, fxsr, ht, mmx, 3dnowpref, sse, sse2, sse3, ssse3, sse4a, sse4.1, sse4.2, popcnt, lzcnt, tsc, tscinvbit, avx, avx2, aes, clmul, bmi1, bmi2, adx, sha, fma, vzeroupper, clflush, clflushopt

Memory: 4k page, system-wide physical 16334M (9295M free)
TotalPageFile size 20430M (AvailPageFile size 11864M)
current process WorkingSet (physical memory assigned to process): 779M, peak: 852M
current process commit charge ("private bytes"): 791M, peak: 888M

vm_info: OpenJDK 64-Bit Server VM (17.0.7+7) for windows-amd64 JRE (17.0.7+7), built on Apr 18 2023 22:10:42 by "temurin" with MS VC++ 16.7 (VS2019)

END.
