#
# There is insufficient memory for the Java Runtime Environment to continue.
# Native memory allocation (mmap) failed to map 96993280 bytes for committing reserved memory.
# Possible reasons:
#   The system is out of physical RAM or swap space
#   In 32 bit mode, the process size limit was hit
# Possible solutions:
#   Reduce memory load on the system
#   Increase physical memory or swap space
#   Check if swap backing store is full
#   Use 64 bit Java on a 64 bit OS
#   Decrease Java heap size (-Xmx/-Xms)
#   Decrease number of Java threads
#   Decrease Java thread stack sizes (-Xss)
#   Set larger code cache with -XX:ReservedCodeCacheSize=
# This output file may be truncated or incomplete.
#
#  Out of Memory Error (os_linux.cpp:2640), pid=23831, tid=0x00007fda345b3700
#
# JRE version: Java(TM) SE Runtime Environment (8.0_151-b12) (build 1.8.0_151-b12)
# Java VM: Java HotSpot(TM) 64-Bit Server VM (25.151-b12 mixed mode linux-amd64 compressed oops)
# Failed to write core dump. Core dumps have been disabled. To enable core dumping, try "ulimit -c unlimited" before starting Java again
#

---------------  T H R E A D  ---------------

Current thread (0x00007fda44078000):  VMThread [stack: 0x00007fda344b3000,0x00007fda345b4000] [id=23839]

Stack: [0x00007fda344b3000,0x00007fda345b4000],  sp=0x00007fda345b21a0,  free space=1020k
Native frames: (J=compiled Java code, j=interpreted, Vv=VM code, C=native code)
V  [libjvm.so+0xacb58a]  VMError::report_and_die()+0x2ba
V  [libjvm.so+0x4ff4ab]  report_vm_out_of_memory(char const*, int, unsigned long, VMErrorType, char const*)+0x8b
V  [libjvm.so+0x928113]  os::Linux::commit_memory_impl(char*, unsigned long, bool)+0x103
V  [libjvm.so+0x928669]  os::pd_commit_memory(char*, unsigned long, unsigned long, bool)+0x29
V  [libjvm.so+0x92288a]  os::commit_memory(char*, unsigned long, unsigned long, bool)+0x2a
V  [libjvm.so+0x9973e3]  PSVirtualSpace::expand_by(unsigned long)+0x53
V  [libjvm.so+0x9987e8]  PSYoungGen::resize_generation(unsigned long, unsigned long)+0xf8
V  [libjvm.so+0x997942]  PSYoungGen::resize(unsigned long, unsigned long)+0x22
V  [libjvm.so+0x994c1b]  PSScavenge::invoke_no_policy()+0xf3b
V  [libjvm.so+0x9953a1]  PSScavenge::invoke()+0x41
V  [libjvm.so+0x94c0d0]  ParallelScavengeHeap::failed_mem_allocate(unsigned long)+0x70
V  [libjvm.so+0xaccfa7]  VM_ParallelGCFailedAllocation::doit()+0x97
V  [libjvm.so+0xad4a85]  VM_Operation::evaluate()+0x55
V  [libjvm.so+0xad2e5a]  VMThread::evaluate_operation(VM_Operation*)+0xba
V  [libjvm.so+0xad31de]  VMThread::loop()+0x1ce
V  [libjvm.so+0xad3650]  VMThread::run()+0x70
V  [libjvm.so+0x92a728]  java_start(Thread*)+0x108

VM_Operation (0x00007fda4d112400): ParallelGCFailedAllocation, mode: safepoint, requested by thread 0x00007fda4400a000


---------------  P R O C E S S  ---------------

Java Threads: ( => current thread )
  0x00007fda445e6800 JavaThread "process reaper" daemon [_thread_blocked, id=23849, stack(0x00007fda2c039000,0x00007fda2c072000)]
  0x00007fda440c9800 JavaThread "Service Thread" daemon [_thread_blocked, id=23846, stack(0x00007fda07eff000,0x00007fda08000000)]
  0x00007fda440be800 JavaThread "C1 CompilerThread2" daemon [_thread_blocked, id=23845, stack(0x00007fda2c072000,0x00007fda2c173000)]
  0x00007fda440bc800 JavaThread "C2 CompilerThread1" daemon [_thread_blocked, id=23844, stack(0x00007fda2c173000,0x00007fda2c274000)]
  0x00007fda440b9800 JavaThread "C2 CompilerThread0" daemon [_thread_in_native, id=23843, stack(0x00007fda340af000,0x00007fda341b0000)]
  0x00007fda440b8800 JavaThread "Signal Dispatcher" daemon [_thread_blocked, id=23842, stack(0x00007fda341b0000,0x00007fda342b1000)]
  0x00007fda44084000 JavaThread "Finalizer" daemon [_thread_blocked, id=23841, stack(0x00007fda342b1000,0x00007fda343b2000)]
  0x00007fda4407f800 JavaThread "Reference Handler" daemon [_thread_blocked, id=23840, stack(0x00007fda343b2000,0x00007fda344b3000)]
  0x00007fda4400a000 JavaThread "main" [_thread_blocked, id=23834, stack(0x00007fda4d016000,0x00007fda4d117000)]

Other Threads:
=>0x00007fda44078000 VMThread [stack: 0x00007fda344b3000,0x00007fda345b4000] [id=23839]
  0x00007fda440cc800 WatcherThread [stack: 0x00007fda07dfe000,0x00007fda07eff000] [id=23847]

VM state:at safepoint (normal execution)

VM Mutex/Monitor currently owned by a thread:  ([mutex/lock_event])
[0x00007fda44006310] Threads_lock - owner thread: 0x00007fda44078000
[0x00007fda44006810] Heap_lock - owner thread: 0x00007fda4400a000

Heap:
 PSYoungGen      total 405504K, used 17403K [0x00000000d8e00000, 0x00000000f4a00000, 0x0000000100000000)
  eden space 388096K, 0% used [0x00000000d8e00000,0x00000000d8e00000,0x00000000f0900000)
  from space 17408K, 99% used [0x00000000f3900000,0x00000000f49fed70,0x00000000f4a00000)
  to   space 13824K, 0% used [0x00000000f0900000,0x00000000f0900000,0x00000000f1680000)
 ParOldGen       total 209408K, used 149087K [0x000000008aa00000, 0x0000000097680000, 0x00000000d8e00000)
  object space 209408K, 71% used [0x000000008aa00000,0x0000000093b97e90,0x0000000097680000)
 Metaspace       used 51328K, capacity 52168K, committed 52352K, reserved 1093632K
  class space    used 7691K, capacity 7935K, committed 8064K, reserved 1048576K

Card table byte_map: [0x00007fda49a0f000,0x00007fda49dbb000] byte_map_base: 0x00007fda495ba000

Marking Bits: (ParMarkBitMap*) 0x00007fda4c4ecf80
 Begin Bits: [0x00007fda2c550000, 0x00007fda2e2a8000)
 End Bits:   [0x00007fda2e2a8000, 0x00007fda30000000)

Polling page: 0x00007fda4d13a000

CodeCache: size=245760Kb used=34272Kb max_used=34281Kb free=211487Kb
 bounds [0x00007fda35000000, 0x00007fda371b0000, 0x00007fda44000000]
 total_blobs=10028 nmethods=9415 adapters=524
 compilation: enabled

Compilation events (10 events):
Event: 25,095 Thread 0x00007fda440bc800 nmethod 11287 0x00007fda37199750 code [0x00007fda37199900, 0x00007fda37199df8]
Event: 25,095 Thread 0x00007fda440bc800 11289       4       java.lang.Long::numberOfTrailingZeros (116 bytes)
Event: 25,097 Thread 0x00007fda440bc800 nmethod 11289 0x00007fda37176690 code [0x00007fda371767e0, 0x00007fda371768d8]
Event: 25,097 Thread 0x00007fda440bc800 11027       4       java.util.RegularEnumSet$EnumSetIterator::next (5 bytes)
Event: 25,098 Thread 0x00007fda440bc800 nmethod 11027 0x00007fda3719af90 code [0x00007fda3719b0e0, 0x00007fda3719b1d8]
Event: 25,098 Thread 0x00007fda440bc800 11299       4       com.sun.tools.javac.code.Types$SignatureGenerator::assembleClassSig (225 bytes)
Event: 25,102 Thread 0x00007fda440be800 11300       2       com.sun.tools.javac.tree.JCTree$JCAssignOp::accept (6 bytes)
Event: 25,102 Thread 0x00007fda440be800 nmethod 11300 0x00007fda37171690 code [0x00007fda37171800, 0x00007fda37171988]
Event: 25,109 Thread 0x00007fda440be800 11303       2       com.sun.tools.javac.tree.TreeInfo$1DeclScanner::visitVarDef (25 bytes)
Event: 25,110 Thread 0x00007fda440be800 nmethod 11303 0x00007fda371a02d0 code [0x00007fda371a0460, 0x00007fda371a0738]

GC Heap History (10 events):
Event: 7,757 GC heap after
Heap after GC invocations=11 (full 1):
 PSYoungGen      total 353792K, used 11262K [0x00000000d8e00000, 0x00000000f2400000, 0x0000000100000000)
  eden space 342528K, 0% used [0x00000000d8e00000,0x00000000d8e00000,0x00000000edc80000)
  from space 11264K, 99% used [0x00000000f1900000,0x00000000f23ffbe8,0x00000000f2400000)
  to   space 13824K, 0% used [0x00000000f0900000,0x00000000f0900000,0x00000000f1680000)
 ParOldGen       total 64000K, used 22289K [0x000000008aa00000, 0x000000008e880000, 0x00000000d8e00000)
  object space 64000K, 34% used [0x000000008aa00000,0x000000008bfc45b0,0x000000008e880000)
 Metaspace       used 34801K, capacity 35334K, committed 35456K, reserved 1079296K
  class space    used 5730K, capacity 5915K, committed 6016K, reserved 1048576K
}
Event: 7,757 GC heap before
{Heap before GC invocations=12 (full 2):
 PSYoungGen      total 353792K, used 11262K [0x00000000d8e00000, 0x00000000f2400000, 0x0000000100000000)
  eden space 342528K, 0% used [0x00000000d8e00000,0x00000000d8e00000,0x00000000edc80000)
  from space 11264K, 99% used [0x00000000f1900000,0x00000000f23ffbe8,0x00000000f2400000)
  to   space 13824K, 0% used [0x00000000f0900000,0x00000000f0900000,0x00000000f1680000)
 ParOldGen       total 64000K, used 22289K [0x000000008aa00000, 0x000000008e880000, 0x00000000d8e00000)
  object space 64000K, 34% used [0x000000008aa00000,0x000000008bfc45b0,0x000000008e880000)
 Metaspace       used 34801K, capacity 35334K, committed 35456K, reserved 1079296K
  class space    used 5730K, capacity 5915K, committed 6016K, reserved 1048576K
Event: 7,843 GC heap after
Heap after GC invocations=12 (full 2):
 PSYoungGen      total 353792K, used 0K [0x00000000d8e00000, 0x00000000f2400000, 0x0000000100000000)
  eden space 342528K, 0% used [0x00000000d8e00000,0x00000000d8e00000,0x00000000edc80000)
  from space 11264K, 0% used [0x00000000f1900000,0x00000000f1900000,0x00000000f2400000)
  to   space 13824K, 0% used [0x00000000f0900000,0x00000000f0900000,0x00000000f1680000)
 ParOldGen       total 101376K, used 31705K [0x000000008aa00000, 0x0000000090d00000, 0x00000000d8e00000)
  object space 101376K, 31% used [0x000000008aa00000,0x000000008c8f64b8,0x0000000090d00000)
 Metaspace       used 34801K, capacity 35334K, committed 35456K, reserved 1079296K
  class space    used 5730K, capacity 5915K, committed 6016K, reserved 1048576K
}
Event: 13,123 GC heap before
{Heap before GC invocations=13 (full 2):
 PSYoungGen      total 353792K, used 342528K [0x00000000d8e00000, 0x00000000f2400000, 0x0000000100000000)
  eden space 342528K, 100% used [0x00000000d8e00000,0x00000000edc80000,0x00000000edc80000)
  from space 11264K, 0% used [0x00000000f1900000,0x00000000f1900000,0x00000000f2400000)
  to   space 13824K, 0% used [0x00000000f0900000,0x00000000f0900000,0x00000000f1680000)
 ParOldGen       total 101376K, used 31705K [0x000000008aa00000, 0x0000000090d00000, 0x00000000d8e00000)
  object space 101376K, 31% used [0x000000008aa00000,0x000000008c8f64b8,0x0000000090d00000)
 Metaspace       used 43966K, capacity 44698K, committed 44928K, reserved 1087488K
  class space    used 6986K, capacity 7193K, committed 7296K, reserved 1048576K
Event: 13,154 GC heap after
Heap after GC invocations=13 (full 2):
 PSYoungGen      total 401920K, used 13817K [0x00000000d8e00000, 0x00000000f4a00000, 0x0000000100000000)
  eden space 388096K, 0% used [0x00000000d8e00000,0x00000000d8e00000,0x00000000f0900000)
  from space 13824K, 99% used [0x00000000f0900000,0x00000000f167e670,0x00000000f1680000)
  to   space 17408K, 0% used [0x00000000f3900000,0x00000000f3900000,0x00000000f4a00000)
 ParOldGen       total 101376K, used 35978K [0x000000008aa00000, 0x0000000090d00000, 0x00000000d8e00000)
  object space 101376K, 35% used [0x000000008aa00000,0x000000008cd229c8,0x0000000090d00000)
 Metaspace       used 43966K, capacity 44698K, committed 44928K, reserved 1087488K
  class space    used 6986K, capacity 7193K, committed 7296K, reserved 1048576K
}
Event: 16,104 GC heap before
{Heap before GC invocations=14 (full 2):
 PSYoungGen      total 401920K, used 401913K [0x00000000d8e00000, 0x00000000f4a00000, 0x0000000100000000)
  eden space 388096K, 100% used [0x00000000d8e00000,0x00000000f0900000,0x00000000f0900000)
  from space 13824K, 99% used [0x00000000f0900000,0x00000000f167e670,0x00000000f1680000)
  to   space 17408K, 0% used [0x00000000f3900000,0x00000000f3900000,0x00000000f4a00000)
 ParOldGen       total 101376K, used 35978K [0x000000008aa00000, 0x0000000090d00000, 0x00000000d8e00000)
  object space 101376K, 35% used [0x000000008aa00000,0x000000008cd229c8,0x0000000090d00000)
 Metaspace       used 49310K, capacity 50144K, committed 50304K, reserved 1091584K
  class space    used 7552K, capacity 7747K, committed 7808K, reserved 1048576K
Event: 16,362 GC heap after
Heap after GC invocations=14 (full 2):
 PSYoungGen      total 401920K, used 401913K [0x00000000d8e00000, 0x00000000f4a00000, 0x0000000100000000)
  eden space 388096K, 100% used [0x00000000d8e00000,0x00000000f0900000,0x00000000f0900000)
  from space 13824K, 99% used [0x00000000f0900000,0x00000000f167e670,0x00000000f1680000)
  to   space 17408K, 99% used [0x00000000f3900000,0x00000000f49fae28,0x00000000f4a00000)
 ParOldGen       total 117760K, used 117399K [0x000000008aa00000, 0x0000000091d00000, 0x00000000d8e00000)
  object space 117760K, 99% used [0x000000008aa00000,0x0000000091ca5e58,0x0000000091d00000)
 Metaspace       used 49310K, capacity 50144K, committed 50304K, reserved 1091584K
  class space    used 7552K, capacity 7747K, committed 7808K, reserved 1048576K
}
Event: 16,362 GC heap before
{Heap before GC invocations=15 (full 3):
 PSYoungGen      total 401920K, used 401913K [0x00000000d8e00000, 0x00000000f4a00000, 0x0000000100000000)
  eden space 388096K, 100% used [0x00000000d8e00000,0x00000000f0900000,0x00000000f0900000)
  from space 13824K, 99% used [0x00000000f0900000,0x00000000f167e670,0x00000000f1680000)
  to   space 17408K, 99% used [0x00000000f3900000,0x00000000f49fae28,0x00000000f4a00000)
 ParOldGen       total 117760K, used 117399K [0x000000008aa00000, 0x0000000091d00000, 0x00000000d8e00000)
  object space 117760K, 99% used [0x000000008aa00000,0x0000000091ca5e58,0x0000000091d00000)
 Metaspace       used 49310K, capacity 50144K, committed 50304K, reserved 1091584K
  class space    used 7552K, capacity 7747K, committed 7808K, reserved 1048576K
Event: 16,931 GC heap after
Heap after GC invocations=15 (full 3):
 PSYoungGen      total 401920K, used 17477K [0x00000000d8e00000, 0x00000000f4a00000, 0x0000000100000000)
  eden space 388096K, 4% used [0x00000000d8e00000,0x00000000d9f117b8,0x00000000f0900000)
  from space 13824K, 0% used [0x00000000f0900000,0x00000000f0900000,0x00000000f1680000)
  to   space 17408K, 0% used [0x00000000f3900000,0x00000000f3900000,0x00000000f4a00000)
 ParOldGen       total 209408K, used 117734K [0x000000008aa00000, 0x0000000097680000, 0x00000000d8e00000)
  object space 209408K, 56% used [0x000000008aa00000,0x0000000091cf9bd0,0x0000000097680000)
 Metaspace       used 49289K, capacity 50056K, committed 50304K, reserved 1091584K
  class space    used 7550K, capacity 7743K, committed 7808K, reserved 1048576K
}
Event: 25,128 GC heap before
{Heap before GC invocations=16 (full 3):
 PSYoungGen      total 401920K, used 388096K [0x00000000d8e00000, 0x00000000f4a00000, 0x0000000100000000)
  eden space 388096K, 100% used [0x00000000d8e00000,0x00000000f0900000,0x00000000f0900000)
  from space 13824K, 0% used [0x00000000f0900000,0x00000000f0900000,0x00000000f1680000)
  to   space 17408K, 0% used [0x00000000f3900000,0x00000000f3900000,0x00000000f4a00000)
 ParOldGen       total 209408K, used 117734K [0x000000008aa00000, 0x0000000097680000, 0x00000000d8e00000)
  object space 209408K, 56% used [0x000000008aa00000,0x0000000091cf9bd0,0x0000000097680000)
 Metaspace       used 51328K, capacity 52168K, committed 52352K, reserved 1093632K
  class space    used 7691K, capacity 7935K, committed 8064K, reserved 1048576K

Deoptimization events (10 events):
Event: 24,632 Thread 0x00007fda4400a000 Uncommon trap: reason=class_check action=maybe_recompile pc=0x00007fda36df73b8 method=com.sun.tools.javac.code.Types$13.visitClassType(Lcom/sun/tools/javac/code/Type$ClassType;Ljava/lang/Object;)Ljava/lang/Object; @ 3
Event: 24,632 Thread 0x00007fda4400a000 Uncommon trap: reason=class_check action=maybe_recompile pc=0x00007fda3707c2d8 method=com.sun.tools.javac.code.Types$13.visitClassType(Lcom/sun/tools/javac/code/Type$ClassType;Lcom/sun/tools/javac/code/Symbol;)Lcom/sun/tools/javac/code/Type; @ 59
Event: 24,632 Thread 0x00007fda4400a000 Uncommon trap: reason=class_check action=maybe_recompile pc=0x00007fda3707c2d8 method=com.sun.tools.javac.code.Types$13.visitClassType(Lcom/sun/tools/javac/code/Type$ClassType;Lcom/sun/tools/javac/code/Symbol;)Lcom/sun/tools/javac/code/Type; @ 59
Event: 24,632 Thread 0x00007fda4400a000 Uncommon trap: reason=class_check action=maybe_recompile pc=0x00007fda3707c2d8 method=com.sun.tools.javac.code.Types$13.visitClassType(Lcom/sun/tools/javac/code/Type$ClassType;Lcom/sun/tools/javac/code/Symbol;)Lcom/sun/tools/javac/code/Type; @ 59
Event: 24,632 Thread 0x00007fda4400a000 Uncommon trap: reason=class_check action=maybe_recompile pc=0x00007fda36df73b8 method=com.sun.tools.javac.code.Types$13.visitClassType(Lcom/sun/tools/javac/code/Type$ClassType;Ljava/lang/Object;)Ljava/lang/Object; @ 3
Event: 24,632 Thread 0x00007fda4400a000 Uncommon trap: reason=class_check action=maybe_recompile pc=0x00007fda3707c2d8 method=com.sun.tools.javac.code.Types$13.visitClassType(Lcom/sun/tools/javac/code/Type$ClassType;Lcom/sun/tools/javac/code/Symbol;)Lcom/sun/tools/javac/code/Type; @ 59
Event: 24,632 Thread 0x00007fda4400a000 Uncommon trap: reason=class_check action=maybe_recompile pc=0x00007fda3707c2d8 method=com.sun.tools.javac.code.Types$13.visitClassType(Lcom/sun/tools/javac/code/Type$ClassType;Lcom/sun/tools/javac/code/Symbol;)Lcom/sun/tools/javac/code/Type; @ 59
Event: 24,633 Thread 0x00007fda4400a000 Uncommon trap: reason=class_check action=maybe_recompile pc=0x00007fda3707c2d8 method=com.sun.tools.javac.code.Types$13.visitClassType(Lcom/sun/tools/javac/code/Type$ClassType;Lcom/sun/tools/javac/code/Symbol;)Lcom/sun/tools/javac/code/Type; @ 59
Event: 24,737 Thread 0x00007fda4400a000 Uncommon trap: reason=unstable_if action=reinterpret pc=0x00007fda36852e74 method=com.sun.tools.javac.util.IntHashTable.rehash()V @ 88
Event: 24,931 Thread 0x00007fda4400a000 Uncommon trap: reason=unstable_if action=reinterpret pc=0x00007fda352549a0 method=com.sun.tools.javac.tree.TreeInfo$1DeclScanner.visitVarDef(Lcom/sun/tools/javac/tree/JCTree$JCVariableDecl;)V @ 8

Internal exceptions (10 events):
Event: 9,730 Thread 0x00007fda4400a000 Implicit null exception at 0x00007fda35f65826 to 0x00007fda35f658b5
Event: 9,809 Thread 0x00007fda4400a000 Implicit null exception at 0x00007fda35f56cd9 to 0x00007fda35f56d95
Event: 10,210 Thread 0x00007fda4400a000 Implicit null exception at 0x00007fda363f8118 to 0x00007fda363f8645
Event: 12,770 Thread 0x00007fda4400a000 Exception <a 'java/lang/NoClassDefFoundError': org/slf4j/Logger> (0x00000000e9493f50) thrown at [/HUDSON/workspace/8-2-build-linux-amd64/jdk8u151/9699/hotspot/src/share/vm/oops/constantPool.cpp, line 235]
Event: 12,926 Thread 0x00007fda4400a000 Exception <a 'java/lang/NoClassDefFoundError': org/slf4j/Logger> (0x00000000ea3e8890) thrown at [/HUDSON/workspace/8-2-build-linux-amd64/jdk8u151/9699/hotspot/src/share/vm/oops/constantPool.cpp, line 235]
Event: 13,156 Thread 0x00007fda44084000 Implicit null exception at 0x00007fda35f83cc3 to 0x00007fda35f83e19
Event: 13,171 Thread 0x00007fda4400a000 Exception <a 'java/lang/ClassNotFoundException': com/sun/tools/javac/api/JavacTool> (0x00000000d937de78) thrown at [/HUDSON/workspace/8-2-build-linux-amd64/jdk8u151/9699/hotspot/src/share/vm/classfile/systemDictionary.cpp, line 210]
Event: 14,647 Thread 0x00007fda4400a000 Exception <a 'java/io/FileNotFoundException'> (0x00000000e505b048) thrown at [/HUDSON/workspace/8-2-build-linux-amd64/jdk8u151/9699/hotspot/src/share/vm/prims/jni.cpp, line 709]
Event: 14,651 Thread 0x00007fda4400a000 Exception <a 'java/io/FileNotFoundException'> (0x00000000e508ff30) thrown at [/HUDSON/workspace/8-2-build-linux-amd64/jdk8u151/9699/hotspot/src/share/vm/prims/jni.cpp, line 709]
Event: 15,817 Thread 0x00007fda4400a000 Implicit null exception at 0x00007fda35f91910 to 0x00007fda35f91dc9

Events (10 events):
Event: 24,876 Thread 0x00007fda4400a000 DEOPT PACKING pc=0x00007fda36c57563 sp=0x00007fda4d113100
Event: 24,876 Thread 0x00007fda4400a000 DEOPT UNPACKING pc=0x00007fda35047633 sp=0x00007fda4d112e40 mode 0
Event: 24,889 Thread 0x00007fda4400a000 DEOPT PACKING pc=0x00007fda3678776f sp=0x00007fda4d113790
Event: 24,889 Thread 0x00007fda4400a000 DEOPT UNPACKING pc=0x00007fda35047633 sp=0x00007fda4d113548 mode 0
Event: 24,931 Thread 0x00007fda4400a000 Uncommon trap: trap_request=0xffffff65 fr.pc=0x00007fda352549a0
Event: 24,931 Thread 0x00007fda4400a000 DEOPT PACKING pc=0x00007fda352549a0 sp=0x00007fda4d113bf0
Event: 24,931 Thread 0x00007fda4400a000 DEOPT UNPACKING pc=0x00007fda35005229 sp=0x00007fda4d113bb0 mode 2
Event: 25,017 Executing VM operation: ForceSafepoint
Event: 25,017 Executing VM operation: ForceSafepoint done
Event: 25,128 Executing VM operation: ParallelGCFailedAllocation


Dynamic libraries:
00400000-00401000 r-xp 00000000 08:02 9836957                            /home/vertigo/local/jdk1.8.0_151/bin/java
00600000-00601000 rw-p 00000000 08:02 9836957                            /home/vertigo/local/jdk1.8.0_151/bin/java
00780000-007a1000 rw-p 00000000 00:00 0                                  [heap]
8aa00000-97680000 rw-p 00000000 00:00 0 
97680000-d8e00000 ---p 00000000 00:00 0 
d8e00000-f4a00000 rw-p 00000000 00:00 0 
fa680000-100000000 ---p 00000000 00:00 0 
100000000-1007e0000 rw-p 00000000 00:00 0 
1007e0000-140000000 ---p 00000000 00:00 0 
7fd9d4000000-7fd9d4021000 rw-p 00000000 00:00 0 
7fd9d4021000-7fd9d8000000 ---p 00000000 00:00 0 
7fd9dc000000-7fd9dc021000 rw-p 00000000 00:00 0 
7fd9dc021000-7fd9e0000000 ---p 00000000 00:00 0 
7fd9e0000000-7fd9e0021000 rw-p 00000000 00:00 0 
7fd9e0021000-7fd9e4000000 ---p 00000000 00:00 0 
7fd9e4000000-7fd9e4021000 rw-p 00000000 00:00 0 
7fd9e4021000-7fd9e8000000 ---p 00000000 00:00 0 
7fd9e8000000-7fd9e8021000 rw-p 00000000 00:00 0 
7fd9e8021000-7fd9ec000000 ---p 00000000 00:00 0 
7fd9ec000000-7fd9ec3ed000 rw-p 00000000 00:00 0 
7fd9ec3ed000-7fd9f0000000 ---p 00000000 00:00 0 
7fd9f0916000-7fd9f0a56000 rw-p 00000000 00:00 0 
7fd9f0a56000-7fd9f0b16000 ---p 00000000 00:00 0 
7fd9f0b16000-7fd9f0b18000 r--s 00007000 08:02 11010914                   /home/vertigo/.m2/repository/javax/websocket/javax.websocket-api/1.1/javax.websocket-api-1.1.jar
7fd9f0b18000-7fd9f0b40000 r--s 0014f000 08:02 12060384                   /home/vertigo/.m2/repository/javax/javaee-web-api/8.0/javaee-web-api-8.0.jar
7fd9f0b40000-7fd9f0b44000 r--s 00041000 08:02 11010910                   /home/vertigo/.m2/repository/com/fasterxml/jackson/core/jackson-core/2.8.5/jackson-core-2.8.5.jar
7fd9f0b44000-7fd9f0b47000 r--s 0000b000 08:02 11010908                   /home/vertigo/.m2/repository/com/fasterxml/jackson/core/jackson-annotations/2.8.0/jackson-annotations-2.8.0.jar
7fd9f0b47000-7fd9f0b58000 r--s 0011d000 08:02 11010907                   /home/vertigo/.m2/repository/com/fasterxml/jackson/core/jackson-databind/2.8.5/jackson-databind-2.8.5.jar
7fd9f0b58000-7fd9f0b59000 r--s 00007000 08:02 12060382                   /home/vertigo/.m2/repository/org/apache/httpcomponents/fluent-hc/4.5.3/fluent-hc-4.5.3.jar
7fd9f0b59000-7fd9f0b63000 r--s 00095000 08:02 12060380                   /home/vertigo/.m2/repository/org/apache/tika/tika-core/1.16/tika-core-1.16.jar
7fd9f0b63000-7fd9f0b65000 r--s 00014000 08:02 11010896                   /home/vertigo/.m2/repository/org/kohsuke/groovy-sandbox/1.10/groovy-sandbox-1.10.jar
7fd9f0b65000-7fd9f0ba3000 r--s 0025d000 08:02 10881007                   /home/vertigo/.m2/repository/org/apache/xmlbeans/xmlbeans/2.6.0/xmlbeans-2.6.0.jar
7fd9f0ba3000-7fd9f0c5c000 r--s 004a9000 08:02 10881005                   /home/vertigo/.m2/repository/org/apache/poi/poi-ooxml-schemas/3.13/poi-ooxml-schemas-3.13.jar
7fd9f0c5c000-7fd9f0c6a000 r--s 00109000 08:02 10881003                   /home/vertigo/.m2/repository/org/apache/poi/poi-ooxml/3.13/poi-ooxml-3.13.jar
7fd9f0c6a000-7fd9f0c94000 r--s 00238000 08:02 10881002                   /home/vertigo/.m2/repository/org/apache/poi/poi/3.13/poi-3.13.jar
7fd9f0c94000-7fd9f0c96000 r--s 00009000 08:02 12060612                   /home/vertigo/.m2/repository/org/slf4j/slf4j-api/1.7.25/slf4j-api-1.7.25.jar
7fd9f0c96000-7fd9f0c98000 r--s 0000c000 08:02 12058625                   /home/vertigo/.m2/repository/org/ow2/asm/asm/5.0.4/asm-5.0.4.jar
7fd9f0c98000-7fd9f0c9a000 r--s 00006000 08:02 12060375                   /home/vertigo/.m2/repository/net/minidev/accessors-smart/1.2/accessors-smart-1.2.jar
7fd9f0c9a000-7fd9f0c9d000 r--s 0001b000 08:02 12060373                   /home/vertigo/.m2/repository/net/minidev/json-smart/2.3/json-smart-2.3.jar
7fd9f0c9d000-7fd9f0ca3000 r--s 00031000 08:02 12060371                   /home/vertigo/.m2/repository/com/jayway/jsonpath/json-path/2.4.0/json-path-2.4.0.jar
7fd9f0ca3000-7fd9f0ca8000 r--s 00036000 08:02 12714050                   /home/vertigo/.m2/repository/org/apache/logging/log4j/log4j-api/2.9.1/log4j-api-2.9.1.jar
7fd9f0ca8000-7fd9f0ca9000 r--s 00007000 08:02 12714049                   /home/vertigo/.m2/repository/org/apache/logging/log4j/log4j-web/2.9.1/log4j-web-2.9.1.jar
7fd9f0ca9000-7fd9f0ea9000 rw-p 00000000 00:00 0 
7fd9f0ea9000-7fd9f0ec8000 r--s 0015c000 08:02 11929163                   /home/vertigo/.m2/repository/org/apache/logging/log4j/log4j-core/2.9.1/log4j-core-2.9.1.jar
7fd9f0ec8000-7fd9f0eca000 r--s 0000e000 08:02 10880987                   /home/vertigo/.m2/repository/javax/activation/activation/1.1/activation-1.1.jar
7fd9f0eca000-7fd9f0ed3000 r--s 0008c000 08:02 12060369                   /home/vertigo/.m2/repository/com/sun/mail/javax.mail/1.5.6/javax.mail-1.5.6.jar
7fd9f0ed3000-7fd9f0ed5000 r--s 0000c000 08:02 12060368                   /home/vertigo/.m2/repository/org/apache/commons/commons-email/1.5/commons-email-1.5.jar
7fd9f0ed5000-7fd9f0edc000 r--s 0004d000 08:02 10880976                   /home/vertigo/.m2/repository/com/jhlabs/filters/2.0.235/filters-2.0.235.jar
7fd9f0edc000-7fd9f0ede000 r--s 00009000 08:02 10880974                   /home/vertigo/.m2/repository/com/mortennobel/java-image-scaling/0.8.5/java-image-scaling-0.8.5.jar
7fd9f0ede000-7fd9f0ee4000 r--s 00046000 08:02 11143252                   /home/vertigo/.m2/repository/commons-net/commons-net/3.6/commons-net-3.6.jar
7fd9f0ee4000-7fd9f0ee7000 r--s 0000f000 08:02 10881430                   /home/vertigo/.m2/repository/commons-fileupload/commons-fileupload/1.3.3/commons-fileupload-1.3.3.jar
7fd9f0ee7000-7fd9f0ef1000 r--s 0006e000 08:02 10880965                   /home/vertigo/.m2/repository/jfree/jcommon/1.0.16/jcommon-1.0.16.jar
7fd9f0ef1000-7fd9f0efd000 r--s 0008c000 08:02 10880961                   /home/vertigo/.m2/repository/org/codehaus/jackson/jackson-mapper-asl/1.7.1/jackson-mapper-asl-1.7.1.jar
7fd9f0efd000-7fd9f0f01000 r--s 0002f000 08:02 10880959                   /home/vertigo/.m2/repository/org/codehaus/jackson/jackson-core-asl/1.7.1/jackson-core-asl-1.7.1.jar
7fd9f0f01000-7fd9f0f04000 r--s 0001d000 08:02 11667772                   /home/vertigo/.m2/repository/com/googlecode/owasp-java-html-sanitizer/owasp-java-html-sanitizer/r239/owasp-java-html-sanitizer-r239.jar
7fd9f0f04000-7fd9f0f15000 r--s 00155000 08:02 10880941                   /home/vertigo/.m2/repository/net/java/dev/jna/jna-platform/4.1.0/jna-platform-4.1.0.jar
7fd9f0f15000-7fd9f0f19000 r--s 000dc000 08:02 10880940                   /home/vertigo/.m2/repository/net/java/dev/jna/jna/4.1.0/jna-4.1.0.jar
7fd9f0f19000-7fd9f0f21000 r--s 00048000 08:02 11405454                   /home/vertigo/.m2/repository/org/apache/httpcomponents/httpcore/4.4.6/httpcore-4.4.6.jar
7fd9f0f21000-7fd9f0f23000 r--s 0000e000 08:02 10881012                   /home/vertigo/.m2/repository/commons-logging/commons-logging/1.2/commons-logging-1.2.jar
7fd9f0f23000-7fd9f0f2a000 r--s 0003f000 08:02 10881324                   /home/vertigo/.m2/repository/commons-codec/commons-codec/1.10/commons-codec-1.10.jar
7fd9f0f2a000-7fd9f0f2c000 r--s 0000c000 08:02 10880903                   /home/vertigo/.m2/repository/org/apache/commons/commons-exec/1.3/commons-exec-1.3.jar
7fd9f0f2c000-7fd9f0f68000 r--s 0027f000 08:02 11404191                   /home/vertigo/.m2/repository/net/bytebuddy/byte-buddy/1.7.5/byte-buddy-1.7.5.jar
7fd9f0f68000-7fd9f0f69000 r--s 00001000 08:02 11404189                   /home/vertigo/.m2/repository/org/seleniumhq/selenium/selenium-safari-driver/3.6.0/selenium-safari-driver-3.6.0.jar
7fd9f0f69000-7fd9f0f70000 r--s 00049000 08:02 11404187                   /home/vertigo/.m2/repository/org/seleniumhq/selenium/selenium-remote-driver/3.6.0/selenium-remote-driver-3.6.0.jar
7fd9f0f70000-7fd9f0f71000 r--s 00001000 08:02 11404185                   /home/vertigo/.m2/repository/org/seleniumhq/selenium/selenium-opera-driver/3.6.0/selenium-opera-driver-3.6.0.jar
7fd9f0f71000-7fd9f0f72000 r--s 00003000 08:02 11404184                   /home/vertigo/.m2/repository/org/seleniumhq/selenium/selenium-ie-driver/3.6.0/selenium-ie-driver-3.6.0.jar
7fd9f0f72000-7fd9f0f74000 r--s 000c1000 08:02 11404182                   /home/vertigo/.m2/repository/org/seleniumhq/selenium/selenium-firefox-driver/3.6.0/selenium-firefox-driver-3.6.0.jar
7fd9f0f74000-7fd9f0f75000 r--s 00001000 08:02 11404181                   /home/vertigo/.m2/repository/org/seleniumhq/selenium/selenium-edge-driver/3.6.0/selenium-edge-driver-3.6.0.jar
7fd9f0f75000-7fd9f0f76000 r--s 00002000 08:02 11404179                   /home/vertigo/.m2/repository/org/seleniumhq/selenium/selenium-chrome-driver/3.6.0/selenium-chrome-driver-3.6.0.jar
7fd9f0f76000-7fd9f0f77000 r--s 00000000 08:02 11404177                   /home/vertigo/.m2/repository/org/seleniumhq/selenium/selenium-java/3.6.0/selenium-java-3.6.0.jar
7fd9f0f77000-7fd9f0f7b000 r--s 03eb1000 08:02 11405579                   /home/vertigo/.m2/repository/org/openpnp/opencv/3.2.0-1/opencv-3.2.0-1.jar
7fd9f0f7b000-7fd9f0f93000 r--s 001bf000 08:02 11405461                   /home/vertigo/.m2/repository/org/aspectj/aspectjweaver/1.8.11/aspectjweaver-1.8.11.jar
7fd9f0f93000-7fd9f0f9b000 r--s 00071000 08:02 11405459                   /home/vertigo/.m2/repository/org/apache/commons/commons-lang3/3.6/commons-lang3-3.6.jar
7fd9f0f9b000-7fd9f0f9f000 r--s 00020000 08:02 10880885                   /home/vertigo/.m2/repository/commons-digester/commons-digester/1.8.1/commons-digester-1.8.1.jar
7fd9f0f9f000-7fd9f0fa4000 r--s 00035000 08:02 10880883                   /home/vertigo/.m2/repository/commons-beanutils/commons-beanutils/1.9.2/commons-beanutils-1.9.2.jar
7fd9f0fa4000-7fd9f0fa8000 r--s 0002a000 08:02 11405455                   /home/vertigo/.m2/repository/commons-validator/commons-validator/1.6/commons-validator-1.6.jar
7fd9f0fa8000-7fd9f0fb5000 r--s 000aa000 08:02 11405457                   /home/vertigo/.m2/repository/org/apache/httpcomponents/httpclient/4.5.3/httpclient-4.5.3.jar
7fd9f0fb5000-7fd9f0fb9000 r--s 00019000 08:02 11405453                   /home/vertigo/.m2/repository/org/seleniumhq/selenium/selenium-api/3.6.0/selenium-api-3.6.0.jar
7fd9f0fb9000-7fd9f0fbe000 r--s 00020000 08:02 11404174                   /home/vertigo/.m2/repository/org/seleniumhq/selenium/selenium-support/3.6.0/selenium-support-3.6.0.jar
7fd9f0fbe000-7fd9f0fc5000 r--s 00034000 08:02 11405456                   /home/vertigo/.m2/repository/io/appium/java-client/5.0.4/java-client-5.0.4.jar
7fd9f0fc5000-7fd9f0fc7000 r--s 00008000 08:02 10880873                   /home/vertigo/.m2/repository/org/json/json/20080701/json-20080701.jar
7fd9f0fc7000-7fd9f0fce000 r--s 000bd000 08:02 10880872                   /home/vertigo/.m2/repository/mysql/mysql-connector-java/5.1.20/mysql-connector-java-5.1.20.jar
7fd9f0fce000-7fd9f0fcf000 r--s 00000000 08:02 10881322                   /home/vertigo/.m2/repository/org/codehaus/mojo/animal-sniffer-annotations/1.14/animal-sniffer-annotations-1.14.jar
7fd9f0fcf000-7fd9f0fd1000 r--s 00001000 08:02 10881518                   /home/vertigo/.m2/repository/com/google/j2objc/j2objc-annotations/1.1/j2objc-annotations-1.1.jar
7fd9f0fd1000-7fd9f0fd2000 r--s 00002000 08:02 10881516                   /home/vertigo/.m2/repository/com/google/errorprone/error_prone_annotations/2.0.18/error_prone_annotations-2.0.18.jar
7fd9f0fd2000-7fd9f1002000 r--s 0024f000 08:02 10881517                   /home/vertigo/.m2/repository/com/google/guava/guava/23.0/guava-23.0.jar
7fd9f1002000-7fd9f100f000 r--s 00082000 08:02 12060359                   /home/vertigo/.m2/repository/org/springframework/spring-test/5.0.0.RELEASE/spring-test-5.0.0.RELEASE.jar
7fd9f100f000-7fd9f1016000 r--s 00036000 08:02 12060358                   /home/vertigo/.m2/repository/org/springframework/spring-tx/5.0.0.RELEASE/spring-tx-5.0.0.RELEASE.jar
7fd9f1016000-7fd9f101f000 r--s 00057000 08:02 12060357                   /home/vertigo/.m2/repository/org/springframework/spring-jdbc/5.0.0.RELEASE/spring-jdbc-5.0.0.RELEASE.jar
7fd9f101f000-7fd9f1038000 r--s 00110000 08:02 12060356                   /home/vertigo/.m2/repository/org/springframework/spring-web/5.0.0.RELEASE/spring-web-5.0.0.RELEASE.jar
7fd9f1038000-7fd9f103d000 r--s 0003c000 08:02 11404169                   /home/vertigo/.m2/repository/org/springframework/spring-expression/5.0.0.RELEASE/spring-expression-5.0.0.RELEASE.jar
7fd9f103d000-7fd9f1047000 r--s 0004f000 08:02 11404168                   /home/vertigo/.m2/repository/org/springframework/spring-aop/5.0.0.RELEASE/spring-aop-5.0.0.RELEASE.jar
7fd9f1047000-7fd9f1061000 r--s 000ec000 08:02 11404167                   /home/vertigo/.m2/repository/org/springframework/spring-context/5.0.0.RELEASE/spring-context-5.0.0.RELEASE.jar
7fd9f1061000-7fd9f1062000 r--s 00003000 08:02 11404163                   /home/vertigo/.m2/repository/org/springframework/spring-jcl/5.0.0.RELEASE/spring-jcl-5.0.0.RELEASE.jar
7fd9f1062000-7fd9f1079000 r--s 00110000 08:02 11404164                   /home/vertigo/.m2/repository/org/springframework/spring-core/5.0.0.RELEASE/spring-core-5.0.0.RELEASE.jar
7fd9f1079000-7fd9f1085000 r--s 00094000 08:02 11404165                   /home/vertigo/.m2/repository/org/springframework/spring-beans/5.0.0.RELEASE/spring-beans-5.0.0.RELEASE.jar
7fd9f1085000-7fd9f1089000 r--s 00016000 08:02 12060353                   /home/vertigo/.m2/repository/javax/servlet/javax.servlet-api/4.0.0/javax.servlet-api-4.0.0.jar
7fd9f1089000-7fd9f10d6000 r--s 0040b000 08:02 11010895                   /home/vertigo/.m2/repository/org/codehaus/groovy/groovy/2.4.7/groovy-2.4.7.jar
7fd9f10d6000-7fd9f10db000 r--s 00034000 08:02 10881513                   /home/vertigo/.m2/repository/com/google/code/gson/gson/2.8.0/gson-2.8.0.jar
7fd9f10db000-7fd9f12db000 rw-p 00000000 00:00 0 
7fd9f12db000-7fd9f1355000 r--s 010f7000 08:02 9961734                    /home/vertigo/local/jdk1.8.0_151/lib/tools.jar
7fd9f1355000-7fd9f1356000 r--s 00004000 08:02 11403744                   /home/vertigo/.m2/repository/org/codehaus/plexus/plexus-compiler-javac/2.8.2/plexus-compiler-javac-2.8.2.jar
7fd9f1356000-7fd9f1358000 r--s 00000000 08:02 11403741                   /home/vertigo/.m2/repository/org/codehaus/plexus/plexus-compiler-manager/2.8.2/plexus-compiler-manager-2.8.2.jar
7fd9f1358000-7fd9f135a000 r--s 00005000 08:02 11403740                   /home/vertigo/.m2/repository/org/codehaus/plexus/plexus-compiler-api/2.8.2/plexus-compiler-api-2.8.2.jar
7fd9f135a000-7fd9f1360000 r--s 00047000 08:02 11403739                   /home/vertigo/.m2/repository/com/thoughtworks/qdox/qdox/2.0-M7/qdox-2.0-M7.jar
7fd9f1360000-7fd9f1361000 r--s 0000d000 08:02 12189812                   /home/vertigo/.m2/repository/org/ow2/asm/asm/6.0_BETA/asm-6.0_BETA.jar
7fd9f1361000-7fd9f1363000 r--s 00006000 08:02 11273920                   /home/vertigo/.m2/repository/org/codehaus/plexus/plexus-java/0.9.2/plexus-java-0.9.2.jar
7fd9f1363000-7fd9f1365000 r--s 00002000 08:02 11273919                   /home/vertigo/.m2/repository/org/apache/maven/shared/maven-shared-incremental/1.1/maven-shared-incremental-1.1.jar
7fd9f1365000-7fd9f1368000 r--s 00025000 08:02 11403738                   /home/vertigo/.m2/repository/org/apache/maven/shared/maven-shared-utils/3.1.0/maven-shared-utils-3.1.0.jar
7fd9f1368000-7fd9f136c000 r--s 00033000 08:02 11143075                   /home/vertigo/.m2/repository/org/codehaus/plexus/plexus-utils/2.0.4/plexus-utils-2.0.4.jar
7fd9f136c000-7fd9f136e000 r--s 0000d000 08:02 12060134                   /home/vertigo/.m2/repository/org/apache/maven/plugins/maven-compiler-plugin/3.7.0/maven-compiler-plugin-3.7.0.jar
7fd9f136e000-7fd9f1370000 r--s 0000d000 08:02 11273033                   /home/vertigo/.m2/repository/org/codehaus/plexus/plexus-interpolation/1.13/plexus-interpolation-1.13.jar
7fd9f1370000-7fd9f1371000 r--s 00001000 08:02 11273032                   /home/vertigo/.m2/repository/org/sonatype/plexus/plexus-build-api/0.0.4/plexus-build-api-0.0.4.jar
7fd9f1371000-7fd9f1373000 r--s 00009000 08:02 11273031                   /home/vertigo/.m2/repository/org/apache/maven/shared/maven-filtering/1.0/maven-filtering-1.0.jar
7fd9f1373000-7fd9f1375000 r--s 00002000 08:02 11142134                   /home/vertigo/.m2/repository/org/codehaus/plexus/plexus-interactivity-api/1.0-alpha-4/plexus-interactivity-api-1.0-alpha-4.jar
7fd9f1375000-7fd9f1377000 r--s 00006000 08:02 11142131                   /home/vertigo/.m2/repository/commons-cli/commons-cli/1.0/commons-cli-1.0.jar
7fd9f1377000-7fd9f1378000 r--s 00001000 08:02 11142805                   /home/vertigo/.m2/repository/org/apache/maven/doxia/doxia-sink-api/1.0-alpha-7/doxia-sink-api-1.0-alpha-7.jar
7fd9f1378000-7fd9f1379000 r--s 00002000 08:02 11142804                   /home/vertigo/.m2/repository/org/apache/maven/reporting/maven-reporting-api/2.0.6/maven-reporting-api-2.0.6.jar
7fd9f1379000-7fd9f1579000 rw-p 00000000 00:00 0 
7fd9f1579000-7fd9f157b000 r--s 00005000 08:02 10879321                   /home/vertigo/.m2/repository/org/apache/maven/plugins/maven-resources-plugin/2.5/maven-resources-plugin-2.5.jar
7fd9f157b000-7fd9f157d000 r-xp 00000000 00:00 0 
7fd9f157d000-7fd9f1586000 r-xp 00000000 08:01 924998                     /lib/x86_64-linux-gnu/libcrypt-2.24.so
7fd9f1586000-7fd9f1785000 ---p 00009000 08:01 924998                     /lib/x86_64-linux-gnu/libcrypt-2.24.so
7fd9f1785000-7fd9f1786000 r--p 00008000 08:01 924998                     /lib/x86_64-linux-gnu/libcrypt-2.24.so
7fd9f1786000-7fd9f1787000 rw-p 00009000 08:01 924998                     /lib/x86_64-linux-gnu/libcrypt-2.24.so
7fd9f1787000-7fd9f19b5000 rw-p 00000000 00:00 0 
7fd9f19b5000-7fd9f1bb5000 rw-p 00000000 00:00 0 
7fd9f1bb5000-7fd9f1bbc000 r--s 00000000 08:01 674381                     /usr/lib/x86_64-linux-gnu/gconv/gconv-modules.cache
7fd9f1bbc000-7fd9f1bce000 r-xp 00000000 08:01 137163                     /tmp/jffi6864701942988105550.so (deleted)
7fd9f1bce000-7fd9f1dcd000 ---p 00012000 08:01 137163                     /tmp/jffi6864701942988105550.so (deleted)
7fd9f1dcd000-7fd9f1dce000 rw-p 00011000 08:01 137163                     /tmp/jffi6864701942988105550.so (deleted)
7fd9f1dce000-7fd9f1fce000 rw-p 00000000 00:00 0 
7fd9f1fce000-7fd9f21ce000 rw-p 00000000 00:00 0 
7fd9f21ce000-7fd9f23ce000 rw-p 00000000 00:00 0 
7fd9f23ce000-7fd9f25ce000 rw-p 00000000 00:00 0 
7fd9f25ce000-7fd9f27ce000 rw-p 00000000 00:00 0 
7fd9f27ce000-7fd9f29ce000 rw-p 00000000 00:00 0 
7fd9f29ce000-7fd9f2bce000 rw-p 00000000 00:00 0 
7fd9f2bce000-7fd9f2bd0000 r--s 00003000 08:02 11273896                   /home/vertigo/.m2/repository/org/apache/maven/doxia/doxia-module-xhtml/1.7/doxia-module-xhtml-1.7.jar
7fd9f2bd0000-7fd9f2bd4000 r--s 0002a000 08:02 10881048                   /home/vertigo/.m2/repository/commons-io/commons-io/2.4/commons-io-2.4.jar
7fd9f2bd4000-7fd9f2bd6000 r--s 00016000 08:02 10880869                   /home/vertigo/.m2/repository/xmlunit/xmlunit/1.5/xmlunit-1.5.jar
7fd9f2bd6000-7fd9f2bd8000 r--s 0000a000 08:02 11142733                   /home/vertigo/.m2/repository/commons-codec/commons-codec/1.3/commons-codec-1.3.jar
7fd9f2bd8000-7fd9f2bdc000 r--s 0003c000 08:02 11142729                   /home/vertigo/.m2/repository/commons-lang/commons-lang/2.4/commons-lang-2.4.jar
7fd9f2bdc000-7fd9f2bdd000 r--s 00002000 08:02 11273895                   /home/vertigo/.m2/repository/org/apache/maven/doxia/doxia-logging-api/1.7/doxia-logging-api-1.7.jar
7fd9f2bdd000-7fd9f2bde000 r--s 00002000 08:02 11273893                   /home/vertigo/.m2/repository/org/apache/maven/doxia/doxia-sink-api/1.7/doxia-sink-api-1.7.jar
7fd9f2bde000-7fd9f2be1000 r--s 00026000 08:02 11273890                   /home/vertigo/.m2/repository/org/apache/maven/doxia/doxia-core/1.7/doxia-core-1.7.jar
7fd9f2be1000-7fd9f2beb000 r--s 00073000 08:02 11273888                   /home/vertigo/.m2/repository/io/netty/netty-common/4.0.38.Final/netty-common-4.0.38.Final.jar
7fd9f2beb000-7fd9f2bee000 r--s 00033000 08:02 11273886                   /home/vertigo/.m2/repository/io/netty/netty-buffer/4.0.38.Final/netty-buffer-4.0.38.Final.jar
7fd9f2bee000-7fd9f2bf4000 r--s 00042000 08:02 11273884                   /home/vertigo/.m2/repository/io/netty/netty-handler/4.0.38.Final/netty-handler-4.0.38.Final.jar
7fd9f2bf4000-7fd9f2bfc000 r--s 00052000 08:02 11273883                   /home/vertigo/.m2/repository/io/netty/netty-transport/4.0.38.Final/netty-transport-4.0.38.Final.jar
7fd9f2bfc000-7fd9f2c00000 r--s 00021000 08:02 11273882                   /home/vertigo/.m2/repository/io/netty/netty-codec/4.0.38.Final/netty-codec-4.0.38.Final.jar
7fd9f2c00000-7fd9f2c08000 r--s 00067000 08:02 11273879                   /home/vertigo/.m2/repository/io/netty/netty-codec-http/4.0.38.Final/netty-codec-http-4.0.38.Final.jar
7fd9f2c08000-7fd9f2c0a000 r--s 0000d000 08:02 11010901                   /home/vertigo/.m2/repository/com/beust/jcommander/1.35/jcommander-1.35.jar
7fd9f2c0a000-7fd9f2c15000 r--s 000af000 08:02 12060377                   /home/vertigo/.m2/repository/org/asciidoctor/asciidoctorj/1.5.6/asciidoctorj-1.5.6.jar
7fd9f2c15000-7fd9f2c19000 r--s 00039000 08:02 11273877                   /home/vertigo/.m2/repository/org/codehaus/plexus/plexus-utils/3.0.23/plexus-utils-3.0.23.jar
7fd9f2c19000-7fd9f2c1c000 r--s 00010000 08:02 11273876                   /home/vertigo/.m2/repository/org/codehaus/plexus/plexus-interpolation/1.22/plexus-interpolation-1.22.jar
7fd9f2c1c000-7fd9f2c1e000 r--s 00001000 08:02 11273874                   /home/vertigo/.m2/repository/org/sonatype/plexus/plexus-build-api/0.0.7/plexus-build-api-0.0.7.jar
7fd9f2c1e000-7fd9f2c20000 r--s 00006000 08:02 11798051                   /home/vertigo/.m2/repository/com/google/code/findbugs/jsr305/2.0.1/jsr305-2.0.1.jar
7fd9f2c20000-7fd9f2c23000 r--s 00023000 08:02 11403688                   /home/vertigo/.m2/repository/org/apache/maven/shared/maven-shared-utils/3.0.0/maven-shared-utils-3.0.0.jar
7fd9f2c23000-7fd9f2c25000 r--s 0000b000 08:02 11273875                   /home/vertigo/.m2/repository/org/apache/maven/shared/maven-filtering/3.1.1/maven-filtering-3.1.1.jar
7fd9f2c25000-7fd9f2c2d000 r--s 00049000 08:02 11142700                   /home/vertigo/.m2/repository/backport-util-concurrent/backport-util-concurrent/3.1/backport-util-concurrent-3.1.jar
7fd9f2c2d000-7fd9f2d66000 r--s 01604000 08:02 12060379                   /home/vertigo/.m2/repository/org/jruby/jruby-complete/1.7.26/jruby-complete-1.7.26.jar
7fd9f2d66000-7fd9f2d68000 r--s 0000c000 08:02 12060128                   /home/vertigo/.m2/repository/org/asciidoctor/asciidoctor-maven-plugin/1.5.6/asciidoctor-maven-plugin-1.5.6.jar
7fd9f2d68000-7fd9f2d6b000 ---p 00000000 00:00 0 
7fd9f2d6b000-7fd9f2e69000 rw-p 00000000 00:00 0 
7fd9f2e69000-7fd9f2e6c000 ---p 00000000 00:00 0 
7fd9f2e6c000-7fd9f2f6a000 rw-p 00000000 00:00 0 
7fd9f2f6a000-7fd9f2f6d000 ---p 00000000 00:00 0 
7fd9f2f6d000-7fd9f306b000 rw-p 00000000 00:00 0 
7fd9f306b000-7fd9f306e000 ---p 00000000 00:00 0 
7fd9f306e000-7fd9f316c000 rw-p 00000000 00:00 0 
7fd9f316c000-7fd9f316f000 ---p 00000000 00:00 0 
7fd9f316f000-7fd9f326d000 rw-p 00000000 00:00 0 
7fd9f326d000-7fd9f3270000 r--s 00018000 08:02 11142493                   /home/vertigo/.m2/repository/org/apache/commons/commons-pool2/2.2/commons-pool2-2.2.jar
7fd9f3270000-7fd9f3272000 r--s 0000d000 08:02 11142490                   /home/vertigo/.m2/repository/com/mycila/mycila-xmltool/4.4.ga/mycila-xmltool-4.4.ga.jar
7fd9f3272000-7fd9f3274000 r--s 0000d000 08:02 10881045                   /home/vertigo/.m2/repository/commons-logging/commons-logging/1.1.1/commons-logging-1.1.1.jar
7fd9f3274000-7fd9f3275000 r--s 0000c000 08:02 11142487                   /home/vertigo/.m2/repository/org/springframework/spring-asm/3.1.3.RELEASE/spring-asm-3.1.3.RELEASE.jar
7fd9f3275000-7fd9f3280000 r--s 00064000 08:02 10881044                   /home/vertigo/.m2/repository/org/springframework/spring-core/3.1.3.RELEASE/spring-core-3.1.3.RELEASE.jar
7fd9f3280000-7fd9f3282000 r--s 00000000 08:02 11142184                   /home/vertigo/.m2/repository/org/codehaus/plexus/plexus-component-annotations/1.5.5/plexus-component-annotations-1.5.5.jar
7fd9f3282000-7fd9f3289000 r--s 00023000 08:02 11142480                   /home/vertigo/.m2/repository/org/apache/maven/maven-project-builder/3.0-alpha-2/maven-project-builder-3.0-alpha-2.jar
7fd9f3289000-7fd9f328b000 r--s 00007000 08:02 11142478                   /home/vertigo/.m2/repository/org/sonatype/spice/model-builder/1.3/model-builder-1.3.jar
7fd9f328b000-7fd9f328d000 r--s 00005000 08:02 11010893                   /home/vertigo/.m2/repository/stax/stax-api/1.0.1/stax-api-1.0.1.jar
7fd9f328d000-7fd9f3294000 r--s 00079000 08:02 11142477                   /home/vertigo/.m2/repository/org/codehaus/woodstox/wstx-asl/3.2.6/wstx-asl-3.2.6.jar
7fd9f3294000-7fd9f3296000 r--s 00009000 08:02 11011210                   /home/vertigo/.m2/repository/org/hamcrest/hamcrest-core/1.3/hamcrest-core-1.3.jar
7fd9f3296000-7fd9f329e000 r--s 00045000 08:02 11142475                   /home/vertigo/.m2/repository/junit/junit/4.12/junit-4.12.jar
7fd9f329e000-7fd9f32aa000 r--s 0006f000 08:02 11143538                   /home/vertigo/.m2/repository/com/google/code/google-collections/google-collect/snapshot-20080530/google-collect-snapshot-20080530.jar
7fd9f32aa000-7fd9f32ab000 r--s 0000a000 08:02 11142471                   /home/vertigo/.m2/repository/commons-logging/commons-logging-api/1.1/commons-logging-api-1.1.jar
7fd9f32ab000-7fd9f32b2000 r--s 00051000 08:02 10881042                   /home/vertigo/.m2/repository/log4j/log4j/1.2.12/log4j-1.2.12.jar
7fd9f32b2000-7fd9f32b6000 r--s 0001d000 08:02 11142468                   /home/vertigo/.m2/repository/org/apache/xbean/xbean-reflect/3.4/xbean-reflect-3.4.jar
7fd9f32b6000-7fd9f32b8000 r--s 00007000 08:02 11142466                   /home/vertigo/.m2/repository/org/codehaus/plexus/plexus-interpolation/1.1/plexus-interpolation-1.1.jar
7fd9f32b8000-7fd9f32bd000 r--s 00039000 08:02 11142465                   /home/vertigo/.m2/repository/org/codehaus/plexus/plexus-utils/1.5.6/plexus-utils-1.5.6.jar
7fd9f32bd000-7fd9f32be000 r--s 0000a000 08:02 10880997                   /home/vertigo/.m2/repository/asm/asm/3.3.1/asm-3.3.1.jar
7fd9f32be000-7fd9f32c4000 r--s 0002c000 08:02 11142463                   /home/vertigo/.m2/repository/org/eclipse/sisu/org.eclipse.sisu.inject/0.0.0.M2a/org.eclipse.sisu.inject-0.0.0.M2a.jar
7fd9f32c4000-7fd9f32c6000 r--s 00000000 08:02 10880859                   /home/vertigo/.m2/repository/aopalliance/aopalliance/1.0/aopalliance-1.0.jar
7fd9f32c6000-7fd9f32ce000 r--s 00050000 08:02 11142461                   /home/vertigo/.m2/repository/org/sonatype/sisu/sisu-guice/3.1.0/sisu-guice-3.1.0-no_aop.jar
7fd9f32ce000-7fd9f32d1000 r--s 00006000 08:02 10881515                   /home/vertigo/.m2/repository/com/google/code/findbugs/jsr305/1.3.9/jsr305-1.3.9.jar
7fd9f32d1000-7fd9f32ef000 r--s 00151000 08:02 11798049                   /home/vertigo/.m2/repository/com/google/guava/guava/10.0.1/guava-10.0.1.jar
7fd9f32ef000-7fd9f32f0000 r--s 00000000 08:02 11142457                   /home/vertigo/.m2/repository/javax/inject/javax.inject/1/javax.inject-1.jar
7fd9f32f0000-7fd9f32f1000 r--s 00001000 08:02 11142456                   /home/vertigo/.m2/repository/javax/annotation/jsr250-api/1.0/jsr250-api-1.0.jar
7fd9f32f1000-7fd9f32f4000 r--s 00008000 08:02 11142455                   /home/vertigo/.m2/repository/javax/enterprise/cdi-api/1.0/cdi-api-1.0.jar
7fd9f32f4000-7fd9f32fb000 r--s 0002b000 08:02 11142454                   /home/vertigo/.m2/repository/org/eclipse/sisu/org.eclipse.sisu.plexus/0.0.0.M2a/org.eclipse.sisu.plexus-0.0.0.M2a.jar
7fd9f32fb000-7fd9f32fe000 r--s 00013000 08:02 10879287                   /home/vertigo/.m2/repository/com/mycila/license-maven-plugin/3.0/license-maven-plugin-3.0.jar
7fd9f32fe000-7fd9f330b000 r--s 00083000 08:02 10880887                   /home/vertigo/.m2/repository/commons-collections/commons-collections/3.2.2/commons-collections-3.2.2.jar
7fd9f330b000-7fd9f3310000 r--s 00041000 08:02 11142194                   /home/vertigo/.m2/repository/commons-lang/commons-lang/2.6/commons-lang-2.6.jar
7fd9f3310000-7fd9f3314000 r--s 00025000 08:02 11403681                   /home/vertigo/.m2/repository/org/apache/maven/shared/maven-shared-utils/3.2.0/maven-shared-utils-3.2.0.jar
7fd9f3314000-7fd9f3316000 r--s 00005000 08:02 12189794                   /home/vertigo/.m2/repository/org/slf4j/slf4j-api/1.7.5/slf4j-api-1.7.5.jar
7fd9f3316000-7fd9f331c000 r--s 00033000 08:02 11273780                   /home/vertigo/.m2/repository/commons-codec/commons-codec/1.6/commons-codec-1.6.jar
7fd9f331c000-7fd9f3321000 r--s 0001a000 08:02 11273775                   /home/vertigo/.m2/repository/org/apache/maven/shared/maven-artifact-transfer/0.9.1/maven-artifact-transfer-0.9.1.jar
7fd9f3321000-7fd9f3324000 r--s 0000d000 08:02 11273774                   /home/vertigo/.m2/repository/org/apache/maven/shared/maven-common-artifact-filters/3.0.1/maven-common-artifact-filters-3.0.1.jar
7fd9f3324000-7fd9f3328000 r--s 0001d000 08:02 11142190                   /home/vertigo/.m2/repository/org/eclipse/aether/aether-util/0.9.0.M2/aether-util-0.9.0.M2.jar
7fd9f3328000-7fd9f332a000 r--s 00007000 08:02 11273773                   /home/vertigo/.m2/repository/org/apache/maven/shared/maven-dependency-tree/3.0.1/maven-dependency-tree-3.0.1.jar
7fd9f332a000-7fd9f332b000 r--s 0000c000 08:02 12189792                   /home/vertigo/.m2/repository/org/ow2/asm/asm/5.0.2/asm-5.0.2.jar
7fd9f332b000-7fd9f332d000 r--s 00007000 08:02 11273770                   /home/vertigo/.m2/repository/org/apache/maven/shared/maven-dependency-analyzer/1.7/maven-dependency-analyzer-1.7.jar
7fd9f332d000-7fd9f3330000 r--s 00011000 08:02 11273769                   /home/vertigo/.m2/repository/org/codehaus/plexus/plexus-io/2.4/plexus-io-2.4.jar
7fd9f3330000-7fd9f3332000 r--s 00008000 08:02 11142177                   /home/vertigo/.m2/repository/org/apache/maven/shared/maven-shared-io/1.1/maven-shared-io-1.1.jar
7fd9f3332000-7fd9f3334000 r--s 00008000 08:02 11142174                   /home/vertigo/.m2/repository/org/apache/maven/shared/file-management/1.2.1/file-management-1.2.1.jar
7fd9f3334000-7fd9f3338000 r--s 00039000 08:02 11273767                   /home/vertigo/.m2/repository/org/codehaus/plexus/plexus-utils/3.0.24/plexus-utils-3.0.24.jar
7fd9f3338000-7fd9f333c000 r--s 00015000 08:02 11403679                   /home/vertigo/.m2/repository/org/tukaani/xz/1.5/xz-1.5.jar
7fd9f333c000-7fd9f333e000 r--s 0000d000 08:02 12189789                   /home/vertigo/.m2/repository/org/iq80/snappy/snappy/0.4/snappy-0.4.jar
7fd9f333e000-7fd9f3346000 r--s 00060000 08:02 11403678                   /home/vertigo/.m2/repository/org/apache/commons/commons-compress/1.11/commons-compress-1.11.jar
7fd9f3346000-7fd9f334b000 r--s 00029000 08:02 11273763                   /home/vertigo/.m2/repository/org/codehaus/plexus/plexus-archiver/3.4/plexus-archiver-3.4.jar
7fd9f334b000-7fd9f354b000 rw-p 00000000 00:00 0 
7fd9f354b000-7fd9f35bd000 r-xp 00000000 08:01 924901                     /lib/x86_64-linux-gnu/libpcre.so.3.13.3
7fd9f35bd000-7fd9f37bc000 ---p 00072000 08:01 924901                     /lib/x86_64-linux-gnu/libpcre.so.3.13.3
7fd9f37bc000-7fd9f37bd000 r--p 00071000 08:01 924901                     /lib/x86_64-linux-gnu/libpcre.so.3.13.3
7fd9f37bd000-7fd9f37be000 rw-p 00072000 08:01 924901                     /lib/x86_64-linux-gnu/libpcre.so.3.13.3
7fd9f37be000-7fd9f37e3000 r-xp 00000000 08:01 924928                     /lib/x86_64-linux-gnu/libselinux.so.1
7fd9f37e3000-7fd9f39e2000 ---p 00025000 08:01 924928                     /lib/x86_64-linux-gnu/libselinux.so.1
7fd9f39e2000-7fd9f39e3000 r--p 00024000 08:01 924928                     /lib/x86_64-linux-gnu/libselinux.so.1
7fd9f39e3000-7fd9f39e4000 rw-p 00025000 08:01 924928                     /lib/x86_64-linux-gnu/libselinux.so.1
7fd9f39e4000-7fd9f39e6000 rw-p 00000000 00:00 0 
7fd9f39e6000-7fd9f39e8000 r-xp 00000000 08:01 924876                     /lib/x86_64-linux-gnu/libnss_mdns4_minimal.so.2
7fd9f39e8000-7fd9f3be7000 ---p 00002000 08:01 924876                     /lib/x86_64-linux-gnu/libnss_mdns4_minimal.so.2
7fd9f3be7000-7fd9f3be8000 r--p 00001000 08:01 924876                     /lib/x86_64-linux-gnu/libnss_mdns4_minimal.so.2
7fd9f3be8000-7fd9f3be9000 rw-p 00002000 08:01 924876                     /lib/x86_64-linux-gnu/libnss_mdns4_minimal.so.2
7fd9f3be9000-7fd9f3de9000 rw-p 00000000 00:00 0 
7fd9f3de9000-7fd9f3dff000 r-xp 00000000 08:01 924815                     /lib/x86_64-linux-gnu/libgcc_s.so.1
7fd9f3dff000-7fd9f3ffe000 ---p 00016000 08:01 924815                     /lib/x86_64-linux-gnu/libgcc_s.so.1
7fd9f3ffe000-7fd9f3fff000 r--p 00015000 08:01 924815                     /lib/x86_64-linux-gnu/libgcc_s.so.1
7fd9f3fff000-7fd9f4000000 rw-p 00016000 08:01 924815                     /lib/x86_64-linux-gnu/libgcc_s.so.1
7fd9f4000000-7fd9f4021000 rw-p 00000000 00:00 0 
7fd9f4021000-7fd9f8000000 ---p 00000000 00:00 0 
7fd9f8000000-7fd9f8021000 rw-p 00000000 00:00 0 
7fd9f8021000-7fd9fc000000 ---p 00000000 00:00 0 
7fd9fc000000-7fd9fc021000 rw-p 00000000 00:00 0 
7fd9fc021000-7fda00000000 ---p 00000000 00:00 0 
7fda00000000-7fda0143b000 rw-p 00000000 00:00 0 
7fda0143b000-7fda04000000 ---p 00000000 00:00 0 
7fda04000000-7fda04003000 r--s 0001b000 08:02 11273761                   /home/vertigo/.m2/repository/org/apache/struts/struts-tiles/1.3.8/struts-tiles-1.3.8.jar
7fda04003000-7fda04008000 r--s 00039000 08:02 11273759                   /home/vertigo/.m2/repository/org/apache/struts/struts-taglib/1.3.8/struts-taglib-1.3.8.jar
7fda04008000-7fda0400d000 r--s 00053000 08:02 12189788                   /home/vertigo/.m2/repository/antlr/antlr/2.7.2/antlr-2.7.2.jar
7fda0400d000-7fda04013000 r--s 0004b000 08:02 11273757                   /home/vertigo/.m2/repository/org/apache/struts/struts-core/1.3.8/struts-core-1.3.8.jar
7fda04013000-7fda04015000 r--s 00005000 08:02 11273755                   /home/vertigo/.m2/repository/sslext/sslext/1.2-0/sslext-1.2-0.jar
7fda04015000-7fda0401d000 r--s 00068000 08:02 11273754                   /home/vertigo/.m2/repository/dom4j/dom4j/1.1/dom4j-1.1.jar
7fda0401d000-7fda0401f000 r--s 00014000 08:02 10749924                   /home/vertigo/.m2/repository/commons-chain/commons-chain/1.1/commons-chain-1.1.jar
7fda0401f000-7fda04025000 r--s 0004f000 08:02 11273752                   /home/vertigo/.m2/repository/org/apache/velocity/velocity-tools/2.0/velocity-tools-2.0.jar
7fda04025000-7fda04027000 r--s 0000e000 08:02 11142148                   /home/vertigo/.m2/repository/oro/oro/2.0.8/oro-2.0.8.jar
7fda04027000-7fda0402f000 r--s 00058000 08:02 11142159                   /home/vertigo/.m2/repository/org/apache/velocity/velocity/1.5/velocity-1.5.jar
7fda0402f000-7fda04030000 r--s 00001000 08:02 11142158                   /home/vertigo/.m2/repository/org/codehaus/plexus/plexus-velocity/1.1.7/plexus-velocity-1.1.7.jar
7fda04030000-7fda04033000 r--s 0001b000 08:02 11142178                   /home/vertigo/.m2/repository/junit/junit/3.8.1/junit-3.8.1.jar
7fda04033000-7fda04034000 r--s 00002000 08:02 11142156                   /home/vertigo/.m2/repository/org/codehaus/plexus/plexus-i18n/1.0-beta-7/plexus-i18n-1.0-beta-7.jar
7fda04034000-7fda04036000 r--s 00008000 08:02 11273749                   /home/vertigo/.m2/repository/org/apache/maven/doxia/doxia-module-fml/1.4/doxia-module-fml-1.4.jar
7fda04036000-7fda04037000 r--s 00003000 08:02 11273748                   /home/vertigo/.m2/repository/org/apache/maven/doxia/doxia-module-xhtml/1.4/doxia-module-xhtml-1.4.jar
7fda04037000-7fda04038000 r--s 0000e000 08:02 11273746                   /home/vertigo/.m2/repository/org/apache/maven/doxia/doxia-decoration-model/1.4/doxia-decoration-model-1.4.jar
7fda04038000-7fda0403a000 r--s 0000b000 08:02 11273744                   /home/vertigo/.m2/repository/org/apache/maven/doxia/doxia-site-renderer/1.4/doxia-site-renderer-1.4.jar
7fda0403a000-7fda0403b000 r--s 00002000 08:02 11273743                   /home/vertigo/.m2/repository/org/apache/maven/doxia/doxia-logging-api/1.4/doxia-logging-api-1.4.jar
7fda0403b000-7fda0403c000 r--s 00002000 08:02 11273740                   /home/vertigo/.m2/repository/org/apache/maven/doxia/doxia-sink-api/1.4/doxia-sink-api-1.4.jar
7fda0403c000-7fda04040000 r--s 0002f000 08:02 11403676                   /home/vertigo/.m2/repository/commons-io/commons-io/2.5/commons-io-2.5.jar
7fda04040000-7fda04042000 r--s 00008000 08:02 11142145                   /home/vertigo/.m2/repository/commons-logging/commons-logging/1.0.4/commons-logging-1.0.4.jar
7fda04042000-7fda04047000 r--s 0002a000 08:02 11142141                   /home/vertigo/.m2/repository/commons-beanutils/commons-beanutils/1.7.0/commons-beanutils-1.7.0.jar
7fda04047000-7fda04088000 r-xp 00000000 08:01 948316                     /lib/x86_64-linux-gnu/libnss_resolve.so.2
7fda04088000-7fda0408b000 r--p 00040000 08:01 948316                     /lib/x86_64-linux-gnu/libnss_resolve.so.2
7fda0408b000-7fda0408c000 rw-p 00043000 08:01 948316                     /lib/x86_64-linux-gnu/libnss_resolve.so.2
7fda0408c000-7fda0408d000 rw-p 00000000 00:00 0 
7fda0408d000-7fda04090000 ---p 00000000 00:00 0 
7fda04090000-7fda0418e000 rw-p 00000000 00:00 0 
7fda0418e000-7fda041c0000 r-xp 00000000 08:02 10093119                   /home/vertigo/local/jdk1.8.0_151/jre/lib/amd64/libsunec.so
7fda041c0000-7fda043bf000 ---p 00032000 08:02 10093119                   /home/vertigo/local/jdk1.8.0_151/jre/lib/amd64/libsunec.so
7fda043bf000-7fda043c5000 rw-p 00031000 08:02 10093119                   /home/vertigo/local/jdk1.8.0_151/jre/lib/amd64/libsunec.so
7fda043c5000-7fda045d5000 rw-p 00000000 00:00 0 
7fda045d5000-7fda045e6000 r-xp 00000000 08:02 10093170                   /home/vertigo/local/jdk1.8.0_151/jre/lib/amd64/libnio.so
7fda045e6000-7fda047e5000 ---p 00011000 08:02 10093170                   /home/vertigo/local/jdk1.8.0_151/jre/lib/amd64/libnio.so
7fda047e5000-7fda047e6000 rw-p 00010000 08:02 10093170                   /home/vertigo/local/jdk1.8.0_151/jre/lib/amd64/libnio.so
7fda047e6000-7fda077e7000 rw-p 00000000 00:00 0 
7fda077e7000-7fda077fe000 r-xp 00000000 08:02 10093167                   /home/vertigo/local/jdk1.8.0_151/jre/lib/amd64/libnet.so
7fda077fe000-7fda079fd000 ---p 00017000 08:02 10093167                   /home/vertigo/local/jdk1.8.0_151/jre/lib/amd64/libnet.so
7fda079fd000-7fda079fe000 rw-p 00016000 08:02 10093167                   /home/vertigo/local/jdk1.8.0_151/jre/lib/amd64/libnet.so
7fda079fe000-7fda07bfe000 rw-p 00000000 00:00 0 
7fda07bfe000-7fda07dfe000 rw-p 00000000 00:00 0 
7fda07dfe000-7fda07dff000 ---p 00000000 00:00 0 
7fda07dff000-7fda07eff000 rw-p 00000000 00:00 0 
7fda07eff000-7fda07f02000 ---p 00000000 00:00 0 
7fda07f02000-7fda08000000 rw-p 00000000 00:00 0 
7fda08000000-7fda09c09000 rw-p 00000000 00:00 0 
7fda09c09000-7fda0c000000 ---p 00000000 00:00 0 
7fda0c000000-7fda0de13000 rw-p 00000000 00:00 0 
7fda0de13000-7fda10000000 ---p 00000000 00:00 0 
7fda10000000-7fda10021000 rw-p 00000000 00:00 0 
7fda10021000-7fda14000000 ---p 00000000 00:00 0 
7fda14000000-7fda14021000 rw-p 00000000 00:00 0 
7fda14021000-7fda18000000 ---p 00000000 00:00 0 
7fda18000000-7fda1828f000 rw-p 00000000 00:00 0 
7fda1828f000-7fda1c000000 ---p 00000000 00:00 0 
7fda1c000000-7fda1c021000 rw-p 00000000 00:00 0 
7fda1c021000-7fda20000000 ---p 00000000 00:00 0 
7fda20000000-7fda20021000 rw-p 00000000 00:00 0 
7fda20021000-7fda24000000 ---p 00000000 00:00 0 
7fda24000000-7fda24021000 rw-p 00000000 00:00 0 
7fda24021000-7fda28000000 ---p 00000000 00:00 0 
7fda28000000-7fda280e4000 rw-p 00000000 00:00 0 
7fda280e4000-7fda2c000000 ---p 00000000 00:00 0 
7fda2c000000-7fda2c004000 r--s 00026000 08:02 11142144                   /home/vertigo/.m2/repository/commons-digester/commons-digester/1.6/commons-digester-1.6.jar
7fda2c004000-7fda2c007000 r--s 0001f000 08:02 10881120                   /home/vertigo/.m2/repository/commons-validator/commons-validator/1.3.1/commons-validator-1.3.1.jar
7fda2c007000-7fda2c00c000 r--s 00026000 08:02 11142736                   /home/vertigo/.m2/repository/org/apache/httpcomponents/httpcore/4.0.1/httpcore-4.0.1.jar
7fda2c00c000-7fda2c013000 r--s 00041000 08:02 11142731                   /home/vertigo/.m2/repository/org/apache/httpcomponents/httpclient/4.0.2/httpclient-4.0.2.jar
7fda2c013000-7fda2c01b000 r--s 00028000 08:02 11142728                   /home/vertigo/.m2/repository/xml-apis/xml-apis/1.3.04/xml-apis-1.3.04.jar
7fda2c01b000-7fda2c033000 r--s 00115000 08:02 11142725                   /home/vertigo/.m2/repository/xerces/xercesImpl/2.9.1/xercesImpl-2.9.1.jar
7fda2c033000-7fda2c037000 r--s 00022000 08:02 11273738                   /home/vertigo/.m2/repository/org/apache/maven/doxia/doxia-core/1.2/doxia-core-1.2.jar
7fda2c037000-7fda2c038000 r--s 00004000 08:02 11273736                   /home/vertigo/.m2/repository/org/apache/maven/reporting/maven-reporting-impl/2.3/maven-reporting-impl-2.3.jar
7fda2c038000-7fda2c039000 r--s 00002000 08:02 11142130                   /home/vertigo/.m2/repository/org/apache/maven/reporting/maven-reporting-api/3.0/maven-reporting-api-3.0.jar
7fda2c039000-7fda2c03c000 ---p 00000000 00:00 0 
7fda2c03c000-7fda2c072000 rw-p 00000000 00:00 0 
7fda2c072000-7fda2c075000 ---p 00000000 00:00 0 
7fda2c075000-7fda2c173000 rw-p 00000000 00:00 0 
7fda2c173000-7fda2c176000 ---p 00000000 00:00 0 
7fda2c176000-7fda2c274000 rw-p 00000000 00:00 0 
7fda2c274000-7fda2c550000 r--p 00000000 08:01 527990                     /usr/lib/locale/locale-archive
7fda2c550000-7fda30000000 rw-p 00000000 00:00 0 
7fda30000000-7fda30021000 rw-p 00000000 00:00 0 
7fda30021000-7fda34000000 ---p 00000000 00:00 0 
7fda34000000-7fda34002000 r--s 00002000 08:02 11142485                   /home/vertigo/.m2/repository/org/sonatype/plexus/plexus-cipher/1.4/plexus-cipher-1.4.jar
7fda34002000-7fda34003000 r--s 00006000 08:02 11142482                   /home/vertigo/.m2/repository/org/sonatype/plexus/plexus-sec-dispatcher/1.3/plexus-sec-dispatcher-1.3.jar
7fda34003000-7fda34005000 r--s 00000000 08:02 11273732                   /home/vertigo/.m2/repository/org/codehaus/plexus/plexus-component-annotations/1.6/plexus-component-annotations-1.6.jar
7fda34005000-7fda34007000 r--s 0000d000 08:02 11143070                   /home/vertigo/.m2/repository/org/codehaus/plexus/plexus-interpolation/1.14/plexus-interpolation-1.14.jar
7fda34007000-7fda3400b000 r--s 00017000 08:02 11011291                   /home/vertigo/.m2/repository/org/sonatype/aether/aether-util/1.7/aether-util-1.7.jar
7fda3400b000-7fda34016000 r--s 00069000 08:02 11273731                   /home/vertigo/.m2/repository/org/sonatype/sisu/sisu-guice/2.1.7/sisu-guice-2.1.7-noaop.jar
7fda34016000-7fda3401b000 r--s 00021000 08:02 11273733                   /home/vertigo/.m2/repository/org/sonatype/sisu/sisu-inject-bean/1.4.2/sisu-inject-bean-1.4.2.jar
7fda3401b000-7fda3401e000 r--s 00026000 08:02 12060122                   /home/vertigo/.m2/repository/org/apache/maven/plugins/maven-dependency-plugin/3.0.2/maven-dependency-plugin-3.0.2.jar
7fda3401e000-7fda34022000 r--s 00033000 08:02 11141312                   /home/vertigo/.m2/repository/org/codehaus/plexus/plexus-utils/2.0.5/plexus-utils-2.0.5.jar
7fda34022000-7fda34023000 r--s 00005000 08:02 10879249                   /home/vertigo/.m2/repository/org/apache/maven/plugins/maven-clean-plugin/2.4.1/maven-clean-plugin-2.4.1.jar
7fda34023000-7fda34025000 r--s 00009000 08:02 10093012                   /home/vertigo/local/jdk1.8.0_151/jre/lib/ext/sunec.jar
7fda34025000-7fda34028000 r--s 0003a000 08:02 10093019                   /home/vertigo/local/jdk1.8.0_151/jre/lib/ext/sunpkcs11.jar
7fda34028000-7fda3402b000 r--s 0001a000 08:02 10093183                   /home/vertigo/local/jdk1.8.0_151/jre/lib/jce.jar
7fda3402b000-7fda3402c000 r--p 00000000 00:00 0 
7fda3402c000-7fda34031000 r--s 0009a000 08:02 10093010                   /home/vertigo/local/jdk1.8.0_151/jre/lib/jsse.jar
7fda34031000-7fda34033000 r--s 0000d000 08:02 10225001                   /home/vertigo/local/netbeans-8.2/java/maven-nblib/netbeans-eventspy.jar
7fda34033000-7fda34035000 r--s 00026000 08:02 10225010                   /home/vertigo/local/netbeans-8.2/java/maven/lib/maven-model-3.0.5.jar
7fda34035000-7fda3403c000 r--s 0002b000 08:02 10224952                   /home/vertigo/local/netbeans-8.2/java/maven/lib/sisu-inject-plexus-2.3.0.jar
7fda3403c000-7fda3403e000 r--s 00002000 08:02 10225011                   /home/vertigo/local/netbeans-8.2/java/maven/lib/plexus-cipher-1.7.jar
7fda3403e000-7fda34041000 r--s 0001d000 08:02 10225005                   /home/vertigo/local/netbeans-8.2/java/maven/lib/aether-impl-1.13.1.jar
7fda34041000-7fda34043000 r--s 00006000 08:02 10224849                   /home/vertigo/local/netbeans-8.2/java/maven/lib/aether-connector-wagon-1.13.1.jar
7fda34043000-7fda34049000 r--s 0003f000 08:02 10225007                   /home/vertigo/local/netbeans-8.2/java/maven/lib/maven-compat-3.0.5.jar
7fda34049000-7fda3404d000 r--s 00021000 08:02 10224931                   /home/vertigo/local/netbeans-8.2/java/maven/lib/maven-model-builder-3.0.5.jar
7fda3404d000-7fda34059000 r--s 0007d000 08:02 10225018                   /home/vertigo/local/netbeans-8.2/java/maven/lib/maven-core-3.0.5.jar
7fda34059000-7fda34061000 r--s 00050000 08:02 10224963                   /home/vertigo/local/netbeans-8.2/java/maven/lib/sisu-guice-3.1.0-no_aop.jar
7fda34061000-7fda34080000 r--s 00154000 08:02 10225019                   /home/vertigo/local/netbeans-8.2/java/maven/lib/sisu-guava-0.9.9.jar
7fda34080000-7fda340af000 r--s 001c8000 08:02 10224976                   /home/vertigo/local/netbeans-8.2/java/maven/lib/wagon-http-2.10-shaded.jar
7fda340af000-7fda340b2000 ---p 00000000 00:00 0 
7fda340b2000-7fda341b0000 rw-p 00000000 00:00 0 
7fda341b0000-7fda341b3000 ---p 00000000 00:00 0 
7fda341b3000-7fda342b1000 rw-p 00000000 00:00 0 
7fda342b1000-7fda342b4000 ---p 00000000 00:00 0 
7fda342b4000-7fda343b2000 rw-p 00000000 00:00 0 
7fda343b2000-7fda343b5000 ---p 00000000 00:00 0 
7fda343b5000-7fda344b3000 rw-p 00000000 00:00 0 
7fda344b3000-7fda344b4000 ---p 00000000 00:00 0 
7fda344b4000-7fda35000000 rw-p 00000000 00:00 0 
7fda35000000-7fda371b0000 rwxp 00000000 00:00 0 
7fda371b0000-7fda44000000 ---p 00000000 00:00 0 
7fda44000000-7fda45b3f000 rw-p 00000000 00:00 0 
7fda45b3f000-7fda48000000 ---p 00000000 00:00 0 
7fda48000000-7fda48001000 r--s 00002000 08:02 10225021                   /home/vertigo/local/netbeans-8.2/java/maven/lib/wagon-file-2.10.jar
7fda48001000-7fda48003000 r--s 0000b000 08:02 10224991                   /home/vertigo/local/netbeans-8.2/java/maven/lib/maven-artifact-3.0.5.jar
7fda48003000-7fda48007000 r--s 00013000 08:02 10225012                   /home/vertigo/local/netbeans-8.2/java/maven/lib/aether-api-1.13.1.jar
7fda48007000-7fda48009000 r--s 0000c000 08:02 10224896                   /home/vertigo/local/netbeans-8.2/java/maven/lib/maven-aether-provider-3.0.5.jar
7fda48009000-7fda4859f000 rw-p 00000000 00:00 0 
7fda4859f000-7fda48778000 r--s 03d5a000 08:02 10092953                   /home/vertigo/local/jdk1.8.0_151/jre/lib/rt.jar
7fda48778000-7fda49399000 rw-p 00000000 00:00 0 
7fda49399000-7fda4939a000 ---p 00000000 00:00 0 
7fda4939a000-7fda4949a000 rw-p 00000000 00:00 0 
7fda4949a000-7fda4949b000 ---p 00000000 00:00 0 
7fda4949b000-7fda4959b000 rw-p 00000000 00:00 0 
7fda4959b000-7fda4959c000 ---p 00000000 00:00 0 
7fda4959c000-7fda4969c000 rw-p 00000000 00:00 0 
7fda4969c000-7fda4969d000 ---p 00000000 00:00 0 
7fda4969d000-7fda49804000 rw-p 00000000 00:00 0 
7fda49804000-7fda49a0f000 ---p 00000000 00:00 0 
7fda49a0f000-7fda49a76000 rw-p 00000000 00:00 0 
7fda49a76000-7fda49c81000 ---p 00000000 00:00 0 
7fda49c81000-7fda49d5f000 rw-p 00000000 00:00 0 
7fda49d5f000-7fda49dba000 ---p 00000000 00:00 0 
7fda49dba000-7fda49e42000 rw-p 00000000 00:00 0 
7fda49e42000-7fda4a17b000 ---p 00000000 00:00 0 
7fda4a17b000-7fda4a196000 r-xp 00000000 08:02 10093163                   /home/vertigo/local/jdk1.8.0_151/jre/lib/amd64/libzip.so
7fda4a196000-7fda4a396000 ---p 0001b000 08:02 10093163                   /home/vertigo/local/jdk1.8.0_151/jre/lib/amd64/libzip.so
7fda4a396000-7fda4a397000 rw-p 0001b000 08:02 10093163                   /home/vertigo/local/jdk1.8.0_151/jre/lib/amd64/libzip.so
7fda4a397000-7fda4a3a2000 r-xp 00000000 08:01 925045                     /lib/x86_64-linux-gnu/libnss_files-2.24.so
7fda4a3a2000-7fda4a5a1000 ---p 0000b000 08:01 925045                     /lib/x86_64-linux-gnu/libnss_files-2.24.so
7fda4a5a1000-7fda4a5a2000 r--p 0000a000 08:01 925045                     /lib/x86_64-linux-gnu/libnss_files-2.24.so
7fda4a5a2000-7fda4a5a3000 rw-p 0000b000 08:01 925045                     /lib/x86_64-linux-gnu/libnss_files-2.24.so
7fda4a5a3000-7fda4a5a9000 rw-p 00000000 00:00 0 
7fda4a5a9000-7fda4a5b4000 r-xp 00000000 08:01 925072                     /lib/x86_64-linux-gnu/libnss_nis-2.24.so
7fda4a5b4000-7fda4a7b3000 ---p 0000b000 08:01 925072                     /lib/x86_64-linux-gnu/libnss_nis-2.24.so
7fda4a7b3000-7fda4a7b4000 r--p 0000a000 08:01 925072                     /lib/x86_64-linux-gnu/libnss_nis-2.24.so
7fda4a7b4000-7fda4a7b5000 rw-p 0000b000 08:01 925072                     /lib/x86_64-linux-gnu/libnss_nis-2.24.so
7fda4a7b5000-7fda4a7cb000 r-xp 00000000 08:01 925013                     /lib/x86_64-linux-gnu/libnsl-2.24.so
7fda4a7cb000-7fda4a9ca000 ---p 00016000 08:01 925013                     /lib/x86_64-linux-gnu/libnsl-2.24.so
7fda4a9ca000-7fda4a9cb000 r--p 00015000 08:01 925013                     /lib/x86_64-linux-gnu/libnsl-2.24.so
7fda4a9cb000-7fda4a9cc000 rw-p 00016000 08:01 925013                     /lib/x86_64-linux-gnu/libnsl-2.24.so
7fda4a9cc000-7fda4a9ce000 rw-p 00000000 00:00 0 
7fda4a9ce000-7fda4a9d6000 r-xp 00000000 08:01 925016                     /lib/x86_64-linux-gnu/libnss_compat-2.24.so
7fda4a9d6000-7fda4abd5000 ---p 00008000 08:01 925016                     /lib/x86_64-linux-gnu/libnss_compat-2.24.so
7fda4abd5000-7fda4abd6000 r--p 00007000 08:01 925016                     /lib/x86_64-linux-gnu/libnss_compat-2.24.so
7fda4abd6000-7fda4abd7000 rw-p 00008000 08:01 925016                     /lib/x86_64-linux-gnu/libnss_compat-2.24.so
7fda4abd7000-7fda4ac02000 r-xp 00000000 08:02 10093157                   /home/vertigo/local/jdk1.8.0_151/jre/lib/amd64/libjava.so
7fda4ac02000-7fda4ae01000 ---p 0002b000 08:02 10093157                   /home/vertigo/local/jdk1.8.0_151/jre/lib/amd64/libjava.so
7fda4ae01000-7fda4ae03000 rw-p 0002a000 08:02 10093157                   /home/vertigo/local/jdk1.8.0_151/jre/lib/amd64/libjava.so
7fda4ae03000-7fda4ae10000 r-xp 00000000 08:02 10093162                   /home/vertigo/local/jdk1.8.0_151/jre/lib/amd64/libverify.so
7fda4ae10000-7fda4b010000 ---p 0000d000 08:02 10093162                   /home/vertigo/local/jdk1.8.0_151/jre/lib/amd64/libverify.so
7fda4b010000-7fda4b012000 rw-p 0000d000 08:02 10093162                   /home/vertigo/local/jdk1.8.0_151/jre/lib/amd64/libverify.so
7fda4b012000-7fda4b019000 r-xp 00000000 08:01 925119                     /lib/x86_64-linux-gnu/librt-2.24.so
7fda4b019000-7fda4b218000 ---p 00007000 08:01 925119                     /lib/x86_64-linux-gnu/librt-2.24.so
7fda4b218000-7fda4b219000 r--p 00006000 08:01 925119                     /lib/x86_64-linux-gnu/librt-2.24.so
7fda4b219000-7fda4b21a000 rw-p 00007000 08:01 925119                     /lib/x86_64-linux-gnu/librt-2.24.so
7fda4b21a000-7fda4b322000 r-xp 00000000 08:01 925004                     /lib/x86_64-linux-gnu/libm-2.24.so
7fda4b322000-7fda4b521000 ---p 00108000 08:01 925004                     /lib/x86_64-linux-gnu/libm-2.24.so
7fda4b521000-7fda4b522000 r--p 00107000 08:01 925004                     /lib/x86_64-linux-gnu/libm-2.24.so
7fda4b522000-7fda4b523000 rw-p 00108000 08:01 925004                     /lib/x86_64-linux-gnu/libm-2.24.so
7fda4b523000-7fda4c1f6000 r-xp 00000000 08:02 10093140                   /home/vertigo/local/jdk1.8.0_151/jre/lib/amd64/server/libjvm.so
7fda4c1f6000-7fda4c3f5000 ---p 00cd3000 08:02 10093140                   /home/vertigo/local/jdk1.8.0_151/jre/lib/amd64/server/libjvm.so
7fda4c3f5000-7fda4c4cf000 rw-p 00cd2000 08:02 10093140                   /home/vertigo/local/jdk1.8.0_151/jre/lib/amd64/server/libjvm.so
7fda4c4cf000-7fda4c51a000 rw-p 00000000 00:00 0 
7fda4c51a000-7fda4c6d8000 r-xp 00000000 08:01 924994                     /lib/x86_64-linux-gnu/libc-2.24.so
7fda4c6d8000-7fda4c8d7000 ---p 001be000 08:01 924994                     /lib/x86_64-linux-gnu/libc-2.24.so
7fda4c8d7000-7fda4c8db000 r--p 001bd000 08:01 924994                     /lib/x86_64-linux-gnu/libc-2.24.so
7fda4c8db000-7fda4c8dd000 rw-p 001c1000 08:01 924994                     /lib/x86_64-linux-gnu/libc-2.24.so
7fda4c8dd000-7fda4c8e1000 rw-p 00000000 00:00 0 
7fda4c8e1000-7fda4c8e4000 r-xp 00000000 08:01 924999                     /lib/x86_64-linux-gnu/libdl-2.24.so
7fda4c8e4000-7fda4cae3000 ---p 00003000 08:01 924999                     /lib/x86_64-linux-gnu/libdl-2.24.so
7fda4cae3000-7fda4cae4000 r--p 00002000 08:01 924999                     /lib/x86_64-linux-gnu/libdl-2.24.so
7fda4cae4000-7fda4cae5000 rw-p 00003000 08:01 924999                     /lib/x86_64-linux-gnu/libdl-2.24.so
7fda4cae5000-7fda4cafb000 r-xp 00000000 08:02 10092800                   /home/vertigo/local/jdk1.8.0_151/lib/amd64/jli/libjli.so
7fda4cafb000-7fda4ccfa000 ---p 00016000 08:02 10092800                   /home/vertigo/local/jdk1.8.0_151/lib/amd64/jli/libjli.so
7fda4ccfa000-7fda4ccfb000 rw-p 00015000 08:02 10092800                   /home/vertigo/local/jdk1.8.0_151/lib/amd64/jli/libjli.so
7fda4ccfb000-7fda4cd13000 r-xp 00000000 08:01 925084                     /lib/x86_64-linux-gnu/libpthread-2.24.so
7fda4cd13000-7fda4cf13000 ---p 00018000 08:01 925084                     /lib/x86_64-linux-gnu/libpthread-2.24.so
7fda4cf13000-7fda4cf14000 r--p 00018000 08:01 925084                     /lib/x86_64-linux-gnu/libpthread-2.24.so
7fda4cf14000-7fda4cf15000 rw-p 00019000 08:01 925084                     /lib/x86_64-linux-gnu/libpthread-2.24.so
7fda4cf15000-7fda4cf19000 rw-p 00000000 00:00 0 
7fda4cf19000-7fda4cf3f000 r-xp 00000000 08:01 924966                     /lib/x86_64-linux-gnu/ld-2.24.so
7fda4cf3f000-7fda4cf40000 r--s 00006000 08:02 10224932                   /home/vertigo/local/netbeans-8.2/java/maven/lib/plexus-sec-dispatcher-1.3.jar
7fda4cf40000-7fda4cf44000 r--s 00033000 08:02 10225004                   /home/vertigo/local/netbeans-8.2/java/maven/lib/plexus-utils-2.0.6.jar
7fda4cf44000-7fda4cf46000 r--s 00009000 08:02 10225022                   /home/vertigo/local/netbeans-8.2/java/maven/lib/commons-cli-1.2.jar
7fda4cf46000-7fda4cf47000 r--s 00002000 08:02 10224979                   /home/vertigo/local/netbeans-8.2/java/maven/lib/wagon-http-shared-2.10.jar
7fda4cf47000-7fda4cf49000 r--s 00000000 08:02 10224662                   /home/vertigo/local/netbeans-8.2/java/maven/lib/plexus-component-annotations-1.5.5.jar
7fda4cf49000-7fda4cf4b000 r--s 0000d000 08:02 10224933                   /home/vertigo/local/netbeans-8.2/java/maven/lib/plexus-interpolation-1.14.jar
7fda4cf4b000-7fda4cf4d000 r--s 0000a000 08:02 10224993                   /home/vertigo/local/netbeans-8.2/java/maven/lib/maven-settings-3.0.5.jar
7fda4cf4d000-7fda4d016000 rw-p 00000000 00:00 0 
7fda4d016000-7fda4d019000 ---p 00000000 00:00 0 
7fda4d019000-7fda4d119000 rw-p 00000000 00:00 0 
7fda4d119000-7fda4d11b000 r--s 00006000 08:02 10224783                   /home/vertigo/local/netbeans-8.2/java/maven/lib/maven-repository-metadata-3.0.5.jar
7fda4d11b000-7fda4d11d000 r--s 0000b000 08:02 10224977                   /home/vertigo/local/netbeans-8.2/java/maven/lib/maven-plugin-api-3.0.5.jar
7fda4d11d000-7fda4d11f000 r--s 0000b000 08:02 10224964                   /home/vertigo/local/netbeans-8.2/java/maven/lib/wagon-provider-api-2.10.jar
7fda4d11f000-7fda4d120000 r--s 00003000 08:02 10225013                   /home/vertigo/local/netbeans-8.2/java/maven/lib/aether-spi-1.13.1.jar
7fda4d120000-7fda4d124000 r--s 0001c000 08:02 10225006                   /home/vertigo/local/netbeans-8.2/java/maven/lib/aether-util-1.13.1.jar
7fda4d124000-7fda4d12b000 r--s 0003f000 08:02 10224978                   /home/vertigo/local/netbeans-8.2/java/maven/lib/sisu-inject-bean-2.3.0.jar
7fda4d12b000-7fda4d12e000 r--s 00008000 08:02 10224878                   /home/vertigo/local/netbeans-8.2/java/maven/lib/maven-settings-builder-3.0.5.jar
7fda4d12e000-7fda4d12f000 r--s 0000a000 08:02 10224992                   /home/vertigo/local/netbeans-8.2/java/maven/lib/maven-embedder-3.0.5.jar
7fda4d12f000-7fda4d131000 r--s 0000a000 08:02 10224966                   /home/vertigo/local/netbeans-8.2/java/maven/boot/plexus-classworlds-2.4.jar
7fda4d131000-7fda4d139000 rw-s 00000000 08:01 136946                     /tmp/hsperfdata_vertigo/23831
7fda4d139000-7fda4d13a000 rw-p 00000000 00:00 0 
7fda4d13a000-7fda4d13b000 ---p 00000000 00:00 0 
7fda4d13b000-7fda4d13e000 rw-p 00000000 00:00 0 
7fda4d13e000-7fda4d13f000 r--p 00025000 08:01 924966                     /lib/x86_64-linux-gnu/ld-2.24.so
7fda4d13f000-7fda4d140000 rw-p 00026000 08:01 924966                     /lib/x86_64-linux-gnu/ld-2.24.so
7fda4d140000-7fda4d141000 rw-p 00000000 00:00 0 
7ffdc88cd000-7ffdc88ee000 rw-p 00000000 00:00 0                          [stack]
7ffdc8972000-7ffdc8974000 r--p 00000000 00:00 0                          [vvar]
7ffdc8974000-7ffdc8976000 r-xp 00000000 00:00 0                          [vdso]
ffffffffff600000-ffffffffff601000 r-xp 00000000 00:00 0                  [vsyscall]

VM Arguments:
jvm_args: -Dclassworlds.conf=/home/vertigo/local/netbeans-8.2/java/maven/bin/m2.conf -Dmaven.home=/home/vertigo/local/netbeans-8.2/java/maven 
java_command: org.codehaus.plexus.classworlds.launcher.Launcher -Dmaven.ext.class.path=/home/vertigo/local/netbeans-8.2/java/maven-nblib/netbeans-eventspy.jar clean install
java_class_path (initial): /home/vertigo/local/netbeans-8.2/java/maven/boot/plexus-classworlds-2.4.jar
Launcher Type: SUN_STANDARD

Environment Variables:
JAVA_HOME=/home/vertigo/local/jdk1.8.0_151
PATH=/home/vertigo/bin:/usr/local/sbin:/usr/local/bin:/usr/sbin:/usr/bin:/sbin:/bin:/usr/games:/usr/local/games:/snap/bin
LD_LIBRARY_PATH=/home/vertigo/local/jdk1.8.0_151/jre/lib/amd64:/home/vertigo/local/jdk1.8.0_151/jre/lib/i386:
SHELL=/bin/bash
DISPLAY=:0

Signal Handlers:
SIGSEGV: [libjvm.so+0xacbe10], sa_mask[0]=11111111011111111101111111111110, sa_flags=SA_RESTART|SA_SIGINFO
SIGBUS: [libjvm.so+0xacbe10], sa_mask[0]=11111111011111111101111111111110, sa_flags=SA_RESTART|SA_SIGINFO
SIGFPE: [libjvm.so+0x924f90], sa_mask[0]=11111111011111111101111111111110, sa_flags=SA_RESTART|SA_SIGINFO
SIGPIPE: [libjvm.so+0x924f90], sa_mask[0]=11111111011111111101111111111110, sa_flags=SA_RESTART|SA_SIGINFO
SIGXFSZ: [libjvm.so+0x924f90], sa_mask[0]=11111111011111111101111111111110, sa_flags=SA_RESTART|SA_SIGINFO
SIGILL: [libjvm.so+0x924f90], sa_mask[0]=11111111011111111101111111111110, sa_flags=SA_RESTART|SA_SIGINFO
SIGUSR1: SIG_DFL, sa_mask[0]=00000000000000000000000000000000, sa_flags=none
SIGUSR2: [libjvm.so+0x9267d0], sa_mask[0]=00100000000000000000000000000000, sa_flags=SA_RESTART|SA_SIGINFO
SIGHUP: [libjvm.so+0x927bd0], sa_mask[0]=11111111011111111101111111111110, sa_flags=SA_RESTART|SA_SIGINFO
SIGINT: SIG_IGN, sa_mask[0]=00000000000000000000000000000000, sa_flags=none
SIGTERM: [libjvm.so+0x927bd0], sa_mask[0]=11111111011111111101111111111110, sa_flags=SA_RESTART|SA_SIGINFO
SIGQUIT: [libjvm.so+0x927bd0], sa_mask[0]=11111111011111111101111111111110, sa_flags=SA_RESTART|SA_SIGINFO


---------------  S Y S T E M  ---------------

OS:DISTRIB_ID=Ubuntu
DISTRIB_RELEASE=17.04
DISTRIB_CODENAME=zesty
DISTRIB_DESCRIPTION="Ubuntu 17.04"

uname:Linux 4.10.0-42-generic #46-Ubuntu SMP Mon Dec 4 14:38:01 UTC 2017 x86_64
libc:glibc 2.24 NPTL 2.24 
rlimit: STACK 8192k, CORE 0k, NPROC 29841, NOFILE 1048576, AS infinity
load average:1,90 0,63 0,56

/proc/meminfo:
MemTotal:        7685084 kB
MemFree:          116240 kB
MemAvailable:      22396 kB
Buffers:            1820 kB
Cached:           343072 kB
SwapCached:        13104 kB
Active:          6359032 kB
Inactive:         922024 kB
Active(anon):    6346752 kB
Inactive(anon):   910496 kB
Active(file):      12280 kB
Inactive(file):    11528 kB
Unevictable:          40 kB
Mlocked:              40 kB
SwapTotal:        902668 kB
SwapFree:              0 kB
Dirty:               124 kB
Writeback:          2048 kB
AnonPages:       6923836 kB
Mapped:           174820 kB
Shmem:            320512 kB
Slab:             121304 kB
SReclaimable:      58400 kB
SUnreclaim:        62904 kB
KernelStack:       19328 kB
PageTables:        92384 kB
NFS_Unstable:          0 kB
Bounce:                0 kB
WritebackTmp:          0 kB
CommitLimit:     4745208 kB
Committed_AS:   16423528 kB
VmallocTotal:   34359738367 kB
VmallocUsed:           0 kB
VmallocChunk:          0 kB
HardwareCorrupted:     0 kB
AnonHugePages:   2594816 kB
ShmemHugePages:        0 kB
ShmemPmdMapped:        0 kB
CmaTotal:              0 kB
CmaFree:               0 kB
HugePages_Total:       0
HugePages_Free:        0
HugePages_Rsvd:        0
HugePages_Surp:        0
Hugepagesize:       2048 kB
DirectMap4k:      210768 kB
DirectMap2M:     7684096 kB
DirectMap1G:     1048576 kB


CPU:total 4 (initial active 4) (2 cores per cpu, 2 threads per core) family 6 model 69 stepping 1, cmov, cx8, fxsr, mmx, sse, sse2, sse3, ssse3, sse4.1, sse4.2, popcnt, avx, avx2, aes, clmul, erms, lzcnt, ht, tsc, tscinvbit, bmi1, bmi2

/proc/cpuinfo:
processor	: 0
vendor_id	: GenuineIntel
cpu family	: 6
model		: 69
model name	: Intel(R) Core(TM) i7-4510U CPU @ 2.00GHz
stepping	: 1
microcode	: 0x17
cpu MHz		: 2714.416
cache size	: 4096 KB
physical id	: 0
siblings	: 4
core id		: 0
cpu cores	: 2
apicid		: 0
initial apicid	: 0
fpu		: yes
fpu_exception	: yes
cpuid level	: 13
wp		: yes
flags		: fpu vme de pse tsc msr pae mce cx8 apic sep mtrr pge mca cmov pat pse36 clflush dts acpi mmx fxsr sse sse2 ss ht tm pbe syscall nx pdpe1gb rdtscp lm constant_tsc arch_perfmon pebs bts rep_good nopl xtopology nonstop_tsc aperfmperf pni pclmulqdq dtes64 monitor ds_cpl vmx est tm2 ssse3 sdbg fma cx16 xtpr pdcm pcid sse4_1 sse4_2 movbe popcnt tsc_deadline_timer aes xsave avx f16c rdrand lahf_lm abm epb tpr_shadow vnmi flexpriority ept vpid fsgsbase tsc_adjust bmi1 avx2 smep bmi2 erms invpcid xsaveopt dtherm arat pln pts
bugs		:
bogomips	: 5188.13
clflush size	: 64
cache_alignment	: 64
address sizes	: 39 bits physical, 48 bits virtual
power management:

processor	: 1
vendor_id	: GenuineIntel
cpu family	: 6
model		: 69
model name	: Intel(R) Core(TM) i7-4510U CPU @ 2.00GHz
stepping	: 1
microcode	: 0x17
cpu MHz		: 2565.087
cache size	: 4096 KB
physical id	: 0
siblings	: 4
core id		: 0
cpu cores	: 2
apicid		: 1
initial apicid	: 1
fpu		: yes
fpu_exception	: yes
cpuid level	: 13
wp		: yes
flags		: fpu vme de pse tsc msr pae mce cx8 apic sep mtrr pge mca cmov pat pse36 clflush dts acpi mmx fxsr sse sse2 ss ht tm pbe syscall nx pdpe1gb rdtscp lm constant_tsc arch_perfmon pebs bts rep_good nopl xtopology nonstop_tsc aperfmperf pni pclmulqdq dtes64 monitor ds_cpl vmx est tm2 ssse3 sdbg fma cx16 xtpr pdcm pcid sse4_1 sse4_2 movbe popcnt tsc_deadline_timer aes xsave avx f16c rdrand lahf_lm abm epb tpr_shadow vnmi flexpriority ept vpid fsgsbase tsc_adjust bmi1 avx2 smep bmi2 erms invpcid xsaveopt dtherm ida arat pln pts
bugs		:
bogomips	: 5188.13
clflush size	: 64
cache_alignment	: 64
address sizes	: 39 bits physical, 48 bits virtual
power management:

processor	: 2
vendor_id	: GenuineIntel
cpu family	: 6
model		: 69
model name	: Intel(R) Core(TM) i7-4510U CPU @ 2.00GHz
stepping	: 1
microcode	: 0x17
cpu MHz		: 2623.962
cache size	: 4096 KB
physical id	: 0
siblings	: 4
core id		: 1
cpu cores	: 2
apicid		: 2
initial apicid	: 2
fpu		: yes
fpu_exception	: yes
cpuid level	: 13
wp		: yes
flags		: fpu vme de pse tsc msr pae mce cx8 apic sep mtrr pge mca cmov pat pse36 clflush dts acpi mmx fxsr sse sse2 ss ht tm pbe syscall nx pdpe1gb rdtscp lm constant_tsc arch_perfmon pebs bts rep_good nopl xtopology nonstop_tsc aperfmperf pni pclmulqdq dtes64 monitor ds_cpl vmx est tm2 ssse3 sdbg fma cx16 xtpr pdcm pcid sse4_1 sse4_2 movbe popcnt tsc_deadline_timer aes xsave avx f16c rdrand lahf_lm abm epb tpr_shadow vnmi flexpriority ept vpid fsgsbase tsc_adjust bmi1 avx2 smep bmi2 erms invpcid xsaveopt dtherm ida arat pln pts
bugs		:
bogomips	: 5188.13
clflush size	: 64
cache_alignment	: 64
address sizes	: 39 bits physical, 48 bits virtual
power management:

processor	: 3
vendor_id	: GenuineIntel
cpu family	: 6
model		: 69
model name	: Intel(R) Core(TM) i7-4510U CPU @ 2.00GHz
stepping	: 1
microcode	: 0x17
cpu MHz		: 2583.496
cache size	: 4096 KB
physical id	: 0
siblings	: 4
core id		: 1
cpu cores	: 2
apicid		: 3
initial apicid	: 3
fpu		: yes
fpu_exception	: yes
cpuid level	: 13
wp		: yes
flags		: fpu vme de pse tsc msr pae mce cx8 apic sep mtrr pge mca cmov pat pse36 clflush dts acpi mmx fxsr sse sse2 ss ht tm pbe syscall nx pdpe1gb rdtscp lm constant_tsc arch_perfmon pebs bts rep_good nopl xtopology nonstop_tsc aperfmperf pni pclmulqdq dtes64 monitor ds_cpl vmx est tm2 ssse3 sdbg fma cx16 xtpr pdcm pcid sse4_1 sse4_2 movbe popcnt tsc_deadline_timer aes xsave avx f16c rdrand lahf_lm abm epb tpr_shadow vnmi flexpriority ept vpid fsgsbase tsc_adjust bmi1 avx2 smep bmi2 erms invpcid xsaveopt dtherm ida arat pln pts
bugs		:
bogomips	: 5188.13
clflush size	: 64
cache_alignment	: 64
address sizes	: 39 bits physical, 48 bits virtual
power management:



Memory: 4k page, physical 7685084k(115744k free), swap 902668k(0k free)

vm_info: Java HotSpot(TM) 64-Bit Server VM (25.151-b12) for linux-amd64 JRE (1.8.0_151-b12), built on Sep  5 2017 19:20:58 by "java_re" with gcc 4.3.0 20080428 (Red Hat 4.3.0-8)

time: Sun Jan  7 18:15:33 2018
elapsed time: 25 seconds (0d 0h 0m 25s)

